Number of query regions: 439
Number of assigned query regions by Exon: 31
Number of assigned query regions by Promoter: 66
Number of assigned query regions by 5UTR: 4
Number of assigned query regions by 3UTR: 5
Number of assigned query regions by Intron: 258
  query_chr  ...  Genomic_features
0      chr1  ...            Intron
1      chr1  ...              Exon
2      chr1  ...            Intron
3      chr1  ...            Intron
4      chr1  ...            Intron

[5 rows x 14 columns]
These categories are not found: 5UTR, 3UTR
DrT_sample2_LMO2_S16.bam
DrT_sample2_LMO2_S16.vs.Hudep2_IgG_rbt_S7_peaks.rmblck.narrowPeak


                       Name  FRIP_CHIP
0  DrT_sample2_LMO2_S16.bam   0.003622
Number of query regions: 176
Number of assigned query regions by Exon: 9
Number of assigned query regions by Promoter: 32
Number of assigned query regions by 5UTR: 3
Number of assigned query regions by 3UTR: 1
Number of assigned query regions by Intron: 104
  query_chr  ...  Genomic_features
0      chr1  ...            Intron
1      chr1  ...            Intron
2      chr1  ...        Intergenic
3      chr1  ...            Intron
4      chr1  ...        Intergenic

[5 rows x 14 columns]
These categories are not found: 5UTR, 3UTR
DrT_sample2_LMO2_S16.rmdup.uq.rmchrM.bam
DrT_sample2_LMO2_S16.vs.Hudep2_IgG_rbt_S7.rmdup.uq.rmchrM_peaks.rmblck.narrowPeak


                                       Name  FRIP_CHIP
0  DrT_sample2_LMO2_S16.rmdup.uq.rmchrM.bam   0.001614
Number of query regions: 231
Number of assigned query regions by Exon: 12
Number of assigned query regions by Promoter: 38
Number of assigned query regions by 5UTR: 4
Number of assigned query regions by 3UTR: 1
Number of assigned query regions by Intron: 122
  query_chr  ...  Genomic_features
0      chr1  ...            Intron
1      chr1  ...          Promoter
2      chr1  ...            Intron
3      chr1  ...            Intron
4      chr1  ...            Intron

[5 rows x 14 columns]
These categories are not found: 5UTR, 3UTR
DrT_sample2_LMO2_S16.rmdup.bam
DrT_sample2_LMO2_S16.vs.Hudep2_IgG_rbt_S7.rmdup_peaks.rmblck.narrowPeak


                             Name  FRIP_CHIP
0  DrT_sample2_LMO2_S16.rmdup.bam   0.003211
Number of query regions: 367
Number of assigned query regions by Exon: 24
Number of assigned query regions by Promoter: 59
Number of assigned query regions by 5UTR: 4
Number of assigned query regions by 3UTR: 6
Number of assigned query regions by Intron: 233
  query_chr  ...  Genomic_features
0      chr1  ...            Intron
1      chr1  ...            Intron
2      chr1  ...            Intron
3      chr1  ...          Promoter
4      chr1  ...        Intergenic

[5 rows x 14 columns]
These categories are not found: 5UTR, 3UTR
DrT_sample2_LMO2_S16.markdup.uq.bam
DrT_sample2_LMO2_S16.vs.Hudep2_IgG_rbt_S7.markdup.uq_peaks.rmblck.narrowPeak


                                  Name  FRIP_CHIP
0  DrT_sample2_LMO2_S16.markdup.uq.bam   0.002116
Calling enriched regions with control file
Normalizing control to experimental bedgraph
Using relaxed threshold
Creating experimental AUC file: Tue Jan 18 15:33:36 CST 2022
Creating control AUC file: Tue Jan 18 15:33:36 CST 2022
Calculating optimal AUC threshold: Tue Jan 18 15:33:36 CST 2022
Calculating threshold using normalized control: Tue Jan 18 15:33:36 CST 2022
Calling enriched regions with control file
Normalizing control to experimental bedgraph
Using relaxed threshold
Creating experimental AUC file: Tue Jan 18 15:33:36 CST 2022
Creating control AUC file: Tue Jan 18 15:33:46 CST 2022
Calculating optimal AUC threshold: Tue Jan 18 15:34:04 CST 2022
Calculating threshold using normalized control: Tue Jan 18 15:34:04 CST 2022
Calling enriched regions with control file
Normalizing control to experimental bedgraph
Using relaxed threshold
Creating experimental AUC file: Tue Jan 18 15:34:04 CST 2022
Creating control AUC file: Tue Jan 18 15:34:13 CST 2022
Calculating optimal AUC threshold: Tue Jan 18 15:34:30 CST 2022
Calculating threshold using normalized control: Tue Jan 18 15:34:30 CST 2022

------------------------------------------------------------
Sender: LSF System <lsfadmin@noderome188>
Subject: Job 146946523[17]: <macs2[1-20]> in cluster <hpcf_research_cluster> Exited

Job <macs2[1-20]> was submitted from host <noderome147> by user <rfeng> in cluster <hpcf_research_cluster> at Tue Jan 18 13:18:52 2022
Job was executed on host(s) <noderome188>, in queue <standard>, as user <rfeng> in cluster <hpcf_research_cluster> at Tue Jan 18 14:27:38 2022
</home/rfeng> was used as the home directory.
</research/dept/hem/common/sequencing/chenggrp/Ruopeng_CUTRUN/011422_CUTRUN/DrT> was used as the working directory.
Started at Tue Jan 18 14:27:38 2022
Terminated at Tue Jan 18 15:34:35 2022
Results reported at Tue Jan 18 15:34:35 2022

Your job looked like:

------------------------------------------------------------
# LSBATCH: User input


#BSUB -P cut_run
#BSUB -o cut_run_rfeng_2022-01-18.macs2.message_%J_%I.out -e cut_run_rfeng_2022-01-18.macs2.message_%J_%I.err
#BSUB -n 1
#BSUB -q standard
#BSUB -R "span[hosts=1] rusage[mem=80000]"
#BSUB -J "macs2[1-20]"
module purge
#BSUB -w "ended(146946518)"
module load samtools/1.10
module load bedtools/2.29.2
module load conda3
source activate /home/yli11/.conda/envs/py2
module load gcc/6.3.0
export PATH=$PATH:"/home/yli11/HemTools/bin"
module load R/3.5.1

id=$LSB_JOBINDEX
COL1=`head -n $id peakcall.tsv|tail -n1|awk -F "	" '{print $1}'`
COL2=`head -n $id peakcall.tsv|tail -n1|awk -F "	" '{print $2}'`
COL3=`head -n $id peakcall.tsv|tail -n1|awk -F "	" '{print $3}'`
COL4=`head -n $id peakcall.tsv|tail -n1|awk -F "	" '{print $4}'`
COL5=`head -n $id peakcall.tsv|tail -n1|awk -F "	" '{print $5}'`
COL6=`head -n $id peakcall.tsv|tail -n1|awk -F "	" '{print $6}'`
LINE=`head -n $id peakcall.tsv|tail -n1`

module load conda3
source activate /home/yli11/.conda/envs/r_env
samtools view -b ${COL1}.markdup.bam chr1 > ${COL1}.chr1.326709df242b.bam;samtools index ${COL1}.chr1.326709df242b.bam
run_ATACseqQC.R ${COL1}.chr1.326709df242b.bam hg19
rm ${COL1}.chr1.326709df242b.bam*
module load macs2/2.1.1
macs2 callpeak -t ${COL1}.bam -c ${COL2}.bam -f BAMPE -B --keep-dup all -n ${COL3}
macs2 bdgcmp -t ${COL3}_treat_pileup.bdg -c ${COL3}_control_lambda.bdg -m qpois -o ${COL3}_treat_pvalue.bdg
macs2 bdgcmp -t ${COL3}_treat_pileup.bdg -c ${COL3}_control_lambda.bdg -m FE -o ${COL3}_FE.bdg
macs2 bdgcmp -t ${COL3}_treat_pileup.bdg -c ${COL3}_control_lambda.bdg -m logLR -o ${COL3}_logLR.bdg -p 0.01
macs2 bdgpeakcall -i ${COL3}_treat_pvalue.bdg -c 1.301 -l 100 -g 75 -o ${COL3}_bdgpeaks.bed
bedtools intersect -a ${COL3}_peaks.narrowPeak -b /research/dept/hem/common/sequencing/chenggrp/pipelines/subcmd/../hg19/hg19.blacklist.bed -v > ${COL3}_peaks.rmblck.narrowPeak
bedtools intersect -a ${COL3}_bdgpeaks.bed -b /research/dept/hem/common/sequencing/chenggrp/pipelines/subcmd/../hg19/hg19.blacklist.bed -v > ${COL3}_bdgpeaks.rmblck.bed
annot_gene_features.py -f ${COL3}_peaks.rmblck.narrowPeak -o ${COL3}_peaks.rmblck.narrowPeak.annot.tsv -g hg19
pie_plot.py -f ${COL3}_peaks.rmblck.narrowPeak.annot.tsv --order Exon,Promoter,5UTR,3UTR,Intron,Intergenic --use_col -1 --header -o ${COL3}_peaks.rmblck.narrowPeak.genomic_features.pie_chart
module load python/2.7.13;/home/yli11/HemTools/bin/calculate_FRiP.py ${COL1}.bam ${COL3}_peaks.rmblck.narrowPeak CHIP
/research/dept/hem/common/sequencing/chenggrp/pipelines/subcmd/../bin/wigToBigWig ${COL3}_treat_pvalue.bdg /research/dept/hem/common/sequencing/chenggrp/pipelines/subcmd/../hg19/hg19.chrom.sizes ${COL3}_treat_pvalue.bw
/research/dept/hem/common/sequencing/chenggrp/pipelines/subcmd/../bin/wigToBigWig ${COL3}_FE.bdg /research/dept/hem/common/sequencing/chenggrp/pipelines/subcmd/../hg19/hg19.chrom.sizes ${COL3}_FE.bw
/research/dept/hem/common/sequencing/chenggrp/pipelines/subcmd/../bin/wigToBigWig ${COL3}_logLR.bdg /research/dept/hem/common/sequencing/chenggrp/pipelines/subcmd/../hg19/hg19.chrom.sizes ${COL3}_logLR.bw
module load conda3
source activate /home/yli11/.conda/envs/r_env
samtools view -b ${COL1}.rmdup.uq.rmchrM.markdup.bam chr1 > ${COL1}.rmdup.uq.rmchrM.chr1.326709df242b.bam;samtools index ${COL1}.rmdup.uq.rmchrM.chr1.326709df242b.bam
run_ATACseqQC.R ${COL1}.rmdup.uq.rmchrM.chr1.326709df242b.bam hg19

(... more ...)
------------------------------------------------------------

Exited with exit code 1.

Resource usage summary:

    CPU time :                                   3873.90 sec.
    Max Memory :                                 20219 MB
    Average Memory :                             1848.96 MB
    Total Requested Memory :                     80000.00 MB
    Delta Memory :                               59781.00 MB
    Max Swap :                                   -
    Max Processes :                              6
    Max Threads :                                68
    Run time :                                   4012 sec.
    Turnaround time :                            8143 sec.

The output (if any) is above this job summary.



PS:

Read file <cut_run_rfeng_2022-01-18.macs2.message_146946523_17.err> for stderr output of this job.

