Analysis complete for Hudep2_IgG_rbt_S7_R1_001.fastq.gz

------------------------------------------------------------
Sender: LSF System <lsfadmin@noderome173>
Subject: Job 146946516[37]: <QC1[1-42]> in cluster <hpcf_research_cluster> Done

Job <QC1[1-42]> was submitted from host <noderome147> by user <rfeng> in cluster <hpcf_research_cluster> at Tue Jan 18 13:18:51 2022
Job was executed on host(s) <noderome173>, in queue <standard>, as user <rfeng> in cluster <hpcf_research_cluster> at Tue Jan 18 13:19:04 2022
</home/rfeng> was used as the home directory.
</research/dept/hem/common/sequencing/chenggrp/Ruopeng_CUTRUN/011422_CUTRUN/DrT> was used as the working directory.
Started at Tue Jan 18 13:19:04 2022
Terminated at Tue Jan 18 13:20:12 2022
Results reported at Tue Jan 18 13:20:12 2022

Your job looked like:

------------------------------------------------------------
# LSBATCH: User input


#BSUB -P cut_run
#BSUB -o cut_run_rfeng_2022-01-18.fastqc.message_%J_%I.out -e cut_run_rfeng_2022-01-18.fastqc.message_%J_%I.err
#BSUB -n 1
#BSUB -q standard
#BSUB -R "span[hosts=1] rusage[mem=4000]"
#BSUB -J "QC1[1-42]"
module purge
module load fastqc/0.11.5

id=$LSB_JOBINDEX
COL1=`head -n $id cut_run_rfeng_2022-01-18.fastqc.input|tail -n1|awk -F "	" '{print $1}'`
COL2=`head -n $id cut_run_rfeng_2022-01-18.fastqc.input|tail -n1|awk -F "	" '{print $2}'`
COL3=`head -n $id cut_run_rfeng_2022-01-18.fastqc.input|tail -n1|awk -F "	" '{print $3}'`
COL4=`head -n $id cut_run_rfeng_2022-01-18.fastqc.input|tail -n1|awk -F "	" '{print $4}'`
COL5=`head -n $id cut_run_rfeng_2022-01-18.fastqc.input|tail -n1|awk -F "	" '{print $5}'`
COL6=`head -n $id cut_run_rfeng_2022-01-18.fastqc.input|tail -n1|awk -F "	" '{print $6}'`
LINE=`head -n $id cut_run_rfeng_2022-01-18.fastqc.input|tail -n1`

fastqc ${COL1}

		
------------------------------------------------------------

Successfully completed.

Resource usage summary:

    CPU time :                                   60.38 sec.
    Max Memory :                                 153 MB
    Average Memory :                             103.87 MB
    Total Requested Memory :                     4000.00 MB
    Delta Memory :                               3847.00 MB
    Max Swap :                                   -
    Max Processes :                              4
    Max Threads :                                18
    Run time :                                   69 sec.
    Turnaround time :                            81 sec.

The output (if any) is above this job summary.



PS:

Read file <cut_run_rfeng_2022-01-18.fastqc.message_146946516_37.err> for stderr output of this job.

