
------------------------------------------------------------
Sender: LSF System <lsfadmin@noderome156>
Subject: Job 146946519[8]: <all.bw[1-21]> in cluster <hpcf_research_cluster> Done

Job <all.bw[1-21]> was submitted from host <noderome147> by user <rfeng> in cluster <hpcf_research_cluster> at Tue Jan 18 13:18:51 2022
Job was executed on host(s) <6*noderome156>, in queue <standard>, as user <rfeng> in cluster <hpcf_research_cluster> at Tue Jan 18 13:45:06 2022
</home/rfeng> was used as the home directory.
</research/dept/hem/common/sequencing/chenggrp/Ruopeng_CUTRUN/011422_CUTRUN/DrT> was used as the working directory.
Started at Tue Jan 18 13:45:06 2022
Terminated at Tue Jan 18 13:48:13 2022
Results reported at Tue Jan 18 13:48:13 2022

Your job looked like:

------------------------------------------------------------
# LSBATCH: User input


#BSUB -P cut_run
#BSUB -o cut_run_rfeng_2022-01-18.all.bw.message_%J_%I.out -e cut_run_rfeng_2022-01-18.all.bw.message_%J_%I.err
#BSUB -n 6
#BSUB -q standard
#BSUB -R "span[hosts=1] rusage[mem=4500]"
#BSUB -J "all.bw[1-21]"
module purge
#BSUB -w "ended(146946518[*])"
#BSUB -R "select[rhel7]"
module load conda3/202011
source activate /home/yli11/.conda/envs/captureC

id=$LSB_JOBINDEX
COL1=`head -n $id fastq.tsv|tail -n1|awk -F "	" '{print $1}'`
COL2=`head -n $id fastq.tsv|tail -n1|awk -F "	" '{print $2}'`
COL3=`head -n $id fastq.tsv|tail -n1|awk -F "	" '{print $3}'`
COL4=`head -n $id fastq.tsv|tail -n1|awk -F "	" '{print $4}'`
COL5=`head -n $id fastq.tsv|tail -n1|awk -F "	" '{print $5}'`
COL6=`head -n $id fastq.tsv|tail -n1|awk -F "	" '{print $6}'`
LINE=`head -n $id fastq.tsv|tail -n1`

bamCoverage -b ${COL3}.markdup.bam -o ${COL3}.all.bw --smoothLength=200 --ignoreForNormalization chrX chrM   --effectiveGenomeSize 2451960000 --numberOfProcessors 6 --centerReads

		
------------------------------------------------------------

Successfully completed.

Resource usage summary:

    CPU time :                                   888.88 sec.
    Max Memory :                                 133 MB
    Average Memory :                             120.44 MB
    Total Requested Memory :                     27000.00 MB
    Delta Memory :                               26867.00 MB
    Max Swap :                                   -
    Max Processes :                              10
    Max Threads :                                14
    Run time :                                   187 sec.
    Turnaround time :                            1762 sec.

The output (if any) is above this job summary.



PS:

Read file <cut_run_rfeng_2022-01-18.all.bw.message_146946519_8.err> for stderr output of this job.

