
------------------------------------------------------------
Sender: LSF System <lsfadmin@nodecn240>
Subject: Job 146946522[20]: <libx[1-21]> in cluster <hpcf_research_cluster> Done

Job <libx[1-21]> was submitted from host <noderome147> by user <rfeng> in cluster <hpcf_research_cluster> at Tue Jan 18 13:18:52 2022
Job was executed on host(s) <nodecn240>, in queue <standard>, as user <rfeng> in cluster <hpcf_research_cluster> at Tue Jan 18 13:39:26 2022
</home/rfeng> was used as the home directory.
</research/dept/hem/common/sequencing/chenggrp/Ruopeng_CUTRUN/011422_CUTRUN/DrT> was used as the working directory.
Started at Tue Jan 18 13:39:26 2022
Terminated at Tue Jan 18 13:40:24 2022
Results reported at Tue Jan 18 13:40:24 2022

Your job looked like:

------------------------------------------------------------
# LSBATCH: User input


#BSUB -P cut_run
#BSUB -o cut_run_rfeng_2022-01-18.lib.complexity.message_%J_%I.out -e cut_run_rfeng_2022-01-18.lib.complexity.message_%J_%I.err
#BSUB -n 1
#BSUB -q standard
#BSUB -R "span[hosts=1] rusage[mem=10000]"
#BSUB -J "libx[1-21]"
module purge
#BSUB -w "ended(146946517[*])"
module load bedtools/2.25.0

id=$LSB_JOBINDEX
COL1=`head -n $id fastq.tsv|tail -n1|awk -F "	" '{print $1}'`
COL2=`head -n $id fastq.tsv|tail -n1|awk -F "	" '{print $2}'`
COL3=`head -n $id fastq.tsv|tail -n1|awk -F "	" '{print $3}'`
COL4=`head -n $id fastq.tsv|tail -n1|awk -F "	" '{print $4}'`
COL5=`head -n $id fastq.tsv|tail -n1|awk -F "	" '{print $5}'`
COL6=`head -n $id fastq.tsv|tail -n1|awk -F "	" '{print $6}'`
LINE=`head -n $id fastq.tsv|tail -n1`

bedtools bamtobed -i ${COL3}.bam | awk 'BEGIN{OFS="\t"}{print $1,$2,$3,$6}' | grep -v 'chrM' | sort | uniq -c | awk 'BEGIN{mt=0;m0=0;m1=0;m2=0} ($1==1){m1=m1+1} ($1==2){m2=m2+1} {m0=m0+1} {mt=mt+$1} END{printf "%d\t%d\t%d\t%d\t%f\t%f\t%f\n",mt,m0,m1,m2,m0/mt,m1/m0,m1/m2}' > ${COL3}.lib.complexity; echo -e "# plot_type: 'table'
# section_name: 'Library Complexity'
Total Reads\tDistinct Reads\tOne Read\tTwo Reads\tNRF\tPBC1\tPBC2" > ${COL3}.lib.complexity.tsv; cat ${COL3}.lib.complexity >> ${COL3}.lib.complexity.tsv 

		
------------------------------------------------------------

Successfully completed.

Resource usage summary:

    CPU time :                                   55.17 sec.
    Max Memory :                                 14 MB
    Average Memory :                             12.23 MB
    Total Requested Memory :                     10000.00 MB
    Delta Memory :                               9986.00 MB
    Max Swap :                                   -
    Max Processes :                              9
    Max Threads :                                10
    Run time :                                   57 sec.
    Turnaround time :                            1292 sec.

The output (if any) is above this job summary.



PS:

Read file <cut_run_rfeng_2022-01-18.lib.complexity.message_146946522_20.err> for stderr output of this job.

