2515870_DOE16_10_S111_L002_R1_001.fastq.gz
2515870_DOE16_10_S111_L002_R2_001.fastq.gz
2515870_DOE16_10_S111_L002



[Mon Jan 9 10:56:56 CST 2023]	Running picard..
[Mon Jan 9 12:53:32 CST 2023]	Creating targets for indel realignment..
[Mon Jan 9 13:46:23 CST 2023]	Performing Indel Realignment..
[Mon Jan 9 14:28:38 CST 2023]	Performing BQSR..
[Mon Jan 9 16:40:40 CST 2023]	Printing recalibrated reads..
[Mon Jan 9 18:09:17 CST 2023]	Running HaplotypeCaller..
[Mon Jan 9 20:08:23 CST 2023]	Filtering Variants..
[Mon Jan 9 20:09:39 CST 2023]	DONE!

------------------------------------------------------------
Sender: LSF System <lsfadmin@noderome205>
Subject: Job 179055959[10]: <vcf[1-24]> in cluster <hpcf_research_cluster> Done

Job <vcf[1-24]> was submitted from host <noderome134> by user <yli11> in cluster <hpcf_research_cluster> at Mon Jan  9 09:57:37 2023
Job was executed on host(s) <noderome205>, in queue <standard>, as user <yli11> in cluster <hpcf_research_cluster> at Mon Jan  9 10:56:54 2023
</home/yli11> was used as the home directory.
</home/yli11/dirs/Sequencing_runs/weissgrp_286772_RNAseq_total_stranded> was used as the working directory.
Started at Mon Jan  9 10:56:54 2023
Terminated at Mon Jan  9 20:09:51 2023
Results reported at Mon Jan  9 20:09:51 2023

Your job looked like:

------------------------------------------------------------
# LSBATCH: User input


#BSUB -P rna_seq_va
#BSUB -o rna_seq_variant_call_yli11_2023-01-09/log_files/vcf_%J_%I.out -e rna_seq_variant_call_yli11_2023-01-09/log_files/vcf_%J_%I.err
#BSUB -n 1
#BSUB -q standard
#BSUB -R "span[hosts=1] rusage[mem=30000]"
#BSUB -J "vcf[1-24]"

#BSUB -w "ended(179055958[*])"

module purge

id=$LSB_JOBINDEX
COL1=`head -n $id fastq.tsv|tail -n1|awk -F "	" '{print $1}'`
COL2=`head -n $id fastq.tsv|tail -n1|awk -F "	" '{print $2}'`
COL3=`head -n $id fastq.tsv|tail -n1|awk -F "	" '{print $3}'`
COL4=`head -n $id fastq.tsv|tail -n1|awk -F "	" '{print $4}'`
COL5=`head -n $id fastq.tsv|tail -n1|awk -F "	" '{print $5}'`
COL6=`head -n $id fastq.tsv|tail -n1|awk -F "	" '{print $6}'`
COL7=`head -n $id fastq.tsv|tail -n1|awk -F "	" '{print $7}'`
COL8=`head -n $id fastq.tsv|tail -n1|awk -F "	" '{print $8}'`
COL9=`head -n $id fastq.tsv|tail -n1|awk -F "	" '{print $9}'`
LINE=`head -n $id fastq.tsv|tail -n1`

echo ${COL1}
echo ${COL2}
echo ${COL3}
echo ${COL4}
echo ${COL5}
echo ${COL6}

ncore=1
mem=30000
module load picard/2.9.4 gatk/3.5 samtools/1.7
bam=${COL3}
jid=rna_seq_variant_call_yli11_2023-01-09
ref="/home/yli11/Data/Human/hg19/fasta/Homo_sapiens.add_chr.GRCh37.dna.primary_assembly.reordered.fa"
millsIndels="/datasets/public/genomes/hsapiens/hg19/SNPS/gatk_bundle/hg19_2.8/hg19/Mills_and_1000G_gold_standard.indels.hg19.vcf"
KGIndels="/datasets/public/genomes/hsapiens/hg19/SNPS/gatk_bundle/hg19_2.8/hg19/1000G_phase1.indels.hg19.vcf"
dbSNP138="/datasets/public/genomes/hsapiens/hg19/SNPS/gatk_bundle/hg19_2.8/hg19/dbsnp_138.hg19.vcf"
cd $jid
echo -e "["$(date)"]\tRunning picard.."
java -jar /hpcf/apps/picard/install/2.9.4/picard.jar AddOrReplaceReadGroups I=${bam}Aligned.sortedByCoord.out.bam O=${bam}Aligned.sortedByCoord.rg_added.bam SO=coordinate RGID=${bam} RGLB=${bam} RGPL=illumina RGPU=Hart_Center RGSM=${bam}
java -jar /hpcf/apps/picard/install/2.9.4/picard.jar MarkDuplicates I=${bam}Aligned.sortedByCoord.rg_added.bam O=${bam}Aligned.sortedByCoord.rg_added.dedupped.bam  CREATE_INDEX=true VALIDATION_STRINGENCY=SILENT M=${bam}Aligned.picard.metrics
java -jar /hpcf/apps/picard/install/2.9.4/picard.jar ReorderSam I=${bam}Aligned.sortedByCoord.rg_added.dedupped.bam O=${bam}Aligned.sortedByCoord.rg_added.dedupped.reordered.bam R=${ref} CREATE_INDEX=TRUE
java -jar /hpcf/apps/gatk/install/3.5/GenomeAnalysisTK.jar -T SplitNCigarReads -R $ref -I ${bam}Aligned.sortedByCoord.rg_added.dedupped.reordered.bam -o ${bam}Aligned.sortedByCoord.rg_added.dedupped.split.bam -rf ReassignOneMappingQuality -RMQF 255 -RMQT 60 -U ALLOW_N_CIGAR_READS
echo -e "["$(date)"]\tCreating targets for indel realignment.."
java -jar /hpcf/apps/gatk/install/3.5/GenomeAnalysisTK.jar -T RealignerTargetCreator -R $ref -I ${bam}Aligned.sortedByCoord.rg_added.dedupped.split.bam -o ${bam}Aligned.sortedByCoord.rg_added.dedupped.split.intervals -known $millsIndels -known $KGIndels
echo -e "["$(date)"]\tPerforming Indel Realignment.."

(... more ...)
------------------------------------------------------------

Successfully completed.

Resource usage summary:

    CPU time :                                   26118.06 sec.
    Max Memory :                                 29257 MB
    Average Memory :                             12904.30 MB
    Total Requested Memory :                     30000.00 MB
    Delta Memory :                               743.00 MB
    Max Swap :                                   7 MB
    Max Processes :                              4
    Max Threads :                                34
    Run time :                                   33175 sec.
    Turnaround time :                            36734 sec.

The output (if any) is above this job summary.



PS:

Read file <rna_seq_variant_call_yli11_2023-01-09/log_files/vcf_179055959_10.err> for stderr output of this job.

