[2022-10-19 19:25:44,035] multiqc                                            [DEBUG  ]  This is MultiQC v1.11
[2022-10-19 19:25:44,036] multiqc                                            [DEBUG  ]  No MultiQC config found: /research/rgs01/home/clusterHome/yli11/.conda/envs/multiQC/lib/python3.6/site-packages/multiqc_config.yaml
[2022-10-19 19:25:44,036] multiqc                                            [DEBUG  ]  No MultiQC config found: /home/yli11/.multiqc_config.yaml
[2022-10-19 19:25:44,047] multiqc                                            [DEBUG  ]  Loading config settings from: multiqc_config.yaml
[2022-10-19 19:25:44,047] multiqc                                            [DEBUG  ]  New config 'title': {{jid}}
[2022-10-19 19:25:44,048] multiqc                                            [DEBUG  ]  New config 'table_cond_formatting_rules': {'FRIP_ATAC': {'pass': [{'gt': 0.2999}], 'warn': [{'lt': 0.2999}], 'fail': [{'lt': 0.2}]}, 'FRIP_ChIP': {'pass': [{'gt': 0.2999}], 'warn': [{'lt': 0.2999}], 'fail': [{'lt': 0.0999}]}, 'NRF_ATAC': {'pass': [{'gt': 0.9}], 'warn': [{'lt': 0.9}], 'fail': [{'lt': 0.7}]}, 'PBC1_ATAC': {'pass': [{'gt': 0.9}], 'warn': [{'lt': 0.9}], 'fail': [{'lt': 0.7}]}, 'PBC2_ATAC': {'pass': [{'gt': 3}], 'warn': [{'lt': 3}], 'fail': [{'lt': 1}]}, 'NRF': {'pass': [{'gt': 0.9}], 'warn': [{'lt': 0.9}], 'fail': [{'lt': 0.5}]}, 'PBC1': {'pass': [{'gt': 0.9}], 'warn': [{'lt': 0.9}], 'fail': [{'lt': 0.5}]}, 'PBC2': {'pass': [{'gt': 10}], 'warn': [{'lt': 10}], 'fail': [{'lt': 1}]}, 'FRIP_other': {'pass': [{'gt': 0.0999}], 'fail': [{'lt': 0.0999}]}, 'QTag': {'pass': [{'gt': 0}], 'fail': [{'lt': 1}]}, 'TSS_enrichment': {'pass': [{'gt': 10}], 'warn': [{'lt': 10}], 'fail': [{'lt': 5}]}}
[2022-10-19 19:25:44,049] multiqc                                            [DEBUG  ]  New config 'table_cond_formatting_colours': [{'blue': '#337ab7'}, {'lbue': '#5bc0de'}, {'pass': '#5cb85c'}, {'warn': '#f0ad4e'}, {'fail': '#d9534f'}]
[2022-10-19 19:25:44,049] multiqc                                            [DEBUG  ]  Added to filename patterns: {'flash/hist': {'fn': '*.hist'}}
[2022-10-19 19:25:44,049] multiqc                                            [DEBUG  ]  Command used: /home/yli11/.conda/envs/multiQC/bin/multiqc .
[2022-10-19 19:25:45,030] multiqc                                            [WARNING]  MultiQC Version v1.13 now available!
[2022-10-19 19:25:45,030] multiqc                                            [DEBUG  ]  Command     : /home/yli11/.conda/envs/multiQC/bin/multiqc .
[2022-10-19 19:25:45,030] multiqc                                            [DEBUG  ]  Working dir : /research_jude/rgs01_jude/groups/chenggrp/projects/blood_regulome/chenggrp/Projects/jchen6/Shared_Resources/weissgrp_283065_MCC/MicroC_yli11_2022-10-18
[2022-10-19 19:25:45,030] multiqc                                            [DEBUG  ]  Template    : default
[2022-10-19 19:25:45,030] multiqc                                            [DEBUG  ]  Running Python 3.6.7 | packaged by conda-forge | (default, Jul  2 2019, 02:18:42)  [GCC 7.3.0]
[2022-10-19 19:25:45,030] multiqc                                            [INFO   ]  Report title: {{jid}}
[2022-10-19 19:25:45,031] multiqc                                            [DEBUG  ]  Analysing modules: custom_content, ccs, ngsderive, purple, conpair, lima, peddy, somalier, methylQA, mosdepth, phantompeakqualtools, qualimap, preseq, quast, qorts, rna_seqc, rockhopper, rsem, rseqc, busco, bustools, goleft_indexcov, gffcompare, disambiguate, supernova, deeptools, sargasso, verifybamid, mirtrace, happy, mirtop, sambamba, homer, hops, macs2, theta2, snpeff, gatk, htseq, bcftools, featureCounts, fgbio, dragen, dedup, damageprofiler, biobambam2, jcvi, mtnucratio, picard, vep, sentieon, prokka, qc3C, nanostat, samblaster, samtools, sexdeterrmine, eigenstratdatabasetools, bamtools, jellyfish, vcftools, longranger, stacks, varscan2, snippy, bbmap, bismark, biscuit, hicexplorer, hicup, hicpro, salmon, kallisto, slamdunk, star, hisat2, tophat, bowtie2, bowtie1, snpsplit, odgi, pangolin, kat, leehom, adapterRemoval, clipandmerge, cutadapt, flexbar, kaiju, kraken, malt, trimmomatic, sickle, skewer, sortmerna, biobloomtools, fastq_screen, afterqc, fastp, fastqc, pychopper, pycoqc, minionqc, multivcfanalyzer, clusterflow, bcl2fastq, bclconvert, interop, ivar, flash, seqyclean, optitype
[2022-10-19 19:25:45,032] multiqc                                            [DEBUG  ]  Using temporary directory for creating report: /lsf_tmp/171310462_1.tmpdir/tmp5bibkq8e
[2022-10-19 19:25:45,256] multiqc                                            [INFO   ]  Search path : /research_jude/rgs01_jude/groups/chenggrp/projects/blood_regulome/chenggrp/Projects/jchen6/Shared_Resources/weissgrp_283065_MCC/MicroC_yli11_2022-10-18
[2022-10-19 19:25:45,284] multiqc                                            [DEBUG  ]  File ignored by ccs/v4 because it exceeded search pattern filesize limit: MicroC_report_summary.html
[2022-10-19 19:25:45,286] multiqc                                            [DEBUG  ]  File ignored by hicexplorer because it exceeded search pattern filesize limit: MicroC_report_summary.html
[2022-10-19 19:25:45,286] multiqc                                            [DEBUG  ]  File ignored by nanostat because it exceeded search pattern filesize limit: MicroC_report_summary.html
[2022-10-19 19:25:45,286] multiqc                                            [DEBUG  ]  File ignored by lima/summary because it exceeded search pattern filesize limit: MicroC_report_summary.html
[2022-10-19 19:25:45,289] multiqc                                            [DEBUG  ]  File ignored by vep/vep_txt because it exceeded search pattern filesize limit: MicroC_report_summary.html
[2022-10-19 19:25:45,289] multiqc                                            [DEBUG  ]  File ignored by longranger/invocation because it exceeded search pattern filesize limit: MicroC_report_summary.html
[2022-10-19 19:25:45,584] multiqc                                            [DEBUG  ]  File ignored by ccs/v4 because it exceeded search pattern filesize limit: MCC.lsf
[2022-10-19 19:25:45,586] multiqc                                            [DEBUG  ]  File ignored by hicexplorer because it exceeded search pattern filesize limit: MCC.lsf
[2022-10-19 19:25:45,586] multiqc                                            [DEBUG  ]  File ignored by nanostat because it exceeded search pattern filesize limit: MCC.lsf
[2022-10-19 19:25:45,586] multiqc                                            [DEBUG  ]  File ignored by lima/summary because it exceeded search pattern filesize limit: MCC.lsf
[2022-10-19 19:25:45,591] multiqc                                            [DEBUG  ]  File ignored by longranger/invocation because it exceeded search pattern filesize limit: MCC.lsf
[2022-10-19 19:25:45,603] multiqc                                            [DEBUG  ]  File ignored by ccs/v4 because it exceeded search pattern filesize limit: email.lsf
[2022-10-19 19:25:45,605] multiqc                                            [DEBUG  ]  File ignored by lima/summary because it exceeded search pattern filesize limit: email.lsf
[2022-10-19 19:25:45,608] multiqc                                            [DEBUG  ]  File ignored by longranger/invocation because it exceeded search pattern filesize limit: email.lsf
[2022-10-19 19:25:45,618] multiqc                                            [DEBUG  ]  File ignored by ccs/v4 because it exceeded search pattern filesize limit: multiqc_config.yaml
[2022-10-19 19:25:45,620] multiqc                                            [DEBUG  ]  File ignored by lima/summary because it exceeded search pattern filesize limit: multiqc_config.yaml
[2022-10-19 19:25:45,632] multiqc                                            [DEBUG  ]  File ignored by ccs/v4 because it exceeded search pattern filesize limit: MicroC_report_summary.ipynb
[2022-10-19 19:25:45,633] multiqc                                            [DEBUG  ]  File ignored by hicexplorer because it exceeded search pattern filesize limit: MicroC_report_summary.ipynb
[2022-10-19 19:25:45,634] multiqc                                            [DEBUG  ]  File ignored by nanostat because it exceeded search pattern filesize limit: MicroC_report_summary.ipynb
[2022-10-19 19:25:45,634] multiqc                                            [DEBUG  ]  File ignored by lima/summary because it exceeded search pattern filesize limit: MicroC_report_summary.ipynb
[2022-10-19 19:25:45,636] multiqc                                            [DEBUG  ]  File ignored by longranger/invocation because it exceeded search pattern filesize limit: MicroC_report_summary.ipynb
[2022-10-19 19:25:45,651] multiqc                                            [DEBUG  ]  File ignored by ccs/v4 because it exceeded search pattern filesize limit: MCC_171310461_3.err
[2022-10-19 19:25:45,653] multiqc                                            [DEBUG  ]  File ignored by hicexplorer because it exceeded search pattern filesize limit: MCC_171310461_3.err
[2022-10-19 19:25:45,653] multiqc                                            [DEBUG  ]  File ignored by nanostat because it exceeded search pattern filesize limit: MCC_171310461_3.err
[2022-10-19 19:25:45,653] multiqc                                            [DEBUG  ]  File ignored by lima/summary because it exceeded search pattern filesize limit: MCC_171310461_3.err
[2022-10-19 19:25:45,655] multiqc                                            [DEBUG  ]  File ignored by longranger/invocation because it exceeded search pattern filesize limit: MCC_171310461_3.err
[2022-10-19 19:25:45,714] multiqc                                            [DEBUG  ]  File ignored by ccs/v4 because it exceeded search pattern filesize limit: MCC_171310461_6.err
[2022-10-19 19:25:45,715] multiqc                                            [DEBUG  ]  File ignored by hicexplorer because it exceeded search pattern filesize limit: MCC_171310461_6.err
[2022-10-19 19:25:45,715] multiqc                                            [DEBUG  ]  File ignored by nanostat because it exceeded search pattern filesize limit: MCC_171310461_6.err
[2022-10-19 19:25:45,715] multiqc                                            [DEBUG  ]  File ignored by lima/summary because it exceeded search pattern filesize limit: MCC_171310461_6.err
[2022-10-19 19:25:45,718] multiqc                                            [DEBUG  ]  File ignored by longranger/invocation because it exceeded search pattern filesize limit: MCC_171310461_6.err
[2022-10-19 19:25:45,763] multiqc                                            [DEBUG  ]  File ignored by ccs/v4 because it exceeded search pattern filesize limit: MCC_171310461_8.out
[2022-10-19 19:25:45,766] multiqc                                            [DEBUG  ]  File ignored by hicexplorer because it exceeded search pattern filesize limit: MCC_171310461_8.out
[2022-10-19 19:25:45,767] multiqc                                            [DEBUG  ]  File ignored by nanostat because it exceeded search pattern filesize limit: MCC_171310461_8.out
[2022-10-19 19:25:45,767] multiqc                                            [DEBUG  ]  File ignored by lima/summary because it exceeded search pattern filesize limit: MCC_171310461_8.out
[2022-10-19 19:25:45,772] multiqc                                            [DEBUG  ]  File ignored by vep/vep_txt because it exceeded search pattern filesize limit: MCC_171310461_8.out
[2022-10-19 19:25:45,773] multiqc                                            [DEBUG  ]  File ignored by longranger/invocation because it exceeded search pattern filesize limit: MCC_171310461_8.out
[2022-10-19 19:25:45,905] multiqc                                            [DEBUG  ]  File ignored by ccs/v4 because it exceeded search pattern filesize limit: MCC_171310461_12.out
[2022-10-19 19:25:45,906] multiqc                                            [DEBUG  ]  File ignored by hicexplorer because it exceeded search pattern filesize limit: MCC_171310461_12.out
[2022-10-19 19:25:45,906] multiqc                                            [DEBUG  ]  File ignored by nanostat because it exceeded search pattern filesize limit: MCC_171310461_12.out
[2022-10-19 19:25:45,907] multiqc                                            [DEBUG  ]  File ignored by lima/summary because it exceeded search pattern filesize limit: MCC_171310461_12.out
[2022-10-19 19:25:45,908] multiqc                                            [DEBUG  ]  File ignored by vep/vep_txt because it exceeded search pattern filesize limit: MCC_171310461_12.out
[2022-10-19 19:25:45,909] multiqc                                            [DEBUG  ]  File ignored by longranger/invocation because it exceeded search pattern filesize limit: MCC_171310461_12.out
[2022-10-19 19:25:46,062] multiqc                                            [DEBUG  ]  File ignored by ccs/v4 because it exceeded search pattern filesize limit: MCC_171310461_4.out
[2022-10-19 19:25:46,064] multiqc                                            [DEBUG  ]  File ignored by hicexplorer because it exceeded search pattern filesize limit: MCC_171310461_4.out
[2022-10-19 19:25:46,064] multiqc                                            [DEBUG  ]  File ignored by nanostat because it exceeded search pattern filesize limit: MCC_171310461_4.out
[2022-10-19 19:25:46,064] multiqc                                            [DEBUG  ]  File ignored by lima/summary because it exceeded search pattern filesize limit: MCC_171310461_4.out
[2022-10-19 19:25:46,067] multiqc                                            [DEBUG  ]  File ignored by vep/vep_txt because it exceeded search pattern filesize limit: MCC_171310461_4.out
[2022-10-19 19:25:46,067] multiqc                                            [DEBUG  ]  File ignored by longranger/invocation because it exceeded search pattern filesize limit: MCC_171310461_4.out
[2022-10-19 19:25:46,239] multiqc                                            [DEBUG  ]  File ignored by ccs/v4 because it exceeded search pattern filesize limit: MCC_171310461_2.out
[2022-10-19 19:25:46,242] multiqc                                            [DEBUG  ]  File ignored by hicexplorer because it exceeded search pattern filesize limit: MCC_171310461_2.out
[2022-10-19 19:25:46,242] multiqc                                            [DEBUG  ]  File ignored by nanostat because it exceeded search pattern filesize limit: MCC_171310461_2.out
[2022-10-19 19:25:46,243] multiqc                                            [DEBUG  ]  File ignored by lima/summary because it exceeded search pattern filesize limit: MCC_171310461_2.out
[2022-10-19 19:25:46,248] multiqc                                            [DEBUG  ]  File ignored by vep/vep_txt because it exceeded search pattern filesize limit: MCC_171310461_2.out
[2022-10-19 19:25:46,248] multiqc                                            [DEBUG  ]  File ignored by longranger/invocation because it exceeded search pattern filesize limit: MCC_171310461_2.out
[2022-10-19 19:25:46,379] multiqc                                            [DEBUG  ]  File ignored by ccs/v4 because it exceeded search pattern filesize limit: MCC_171310461_2.err
[2022-10-19 19:25:46,383] multiqc                                            [DEBUG  ]  File ignored by hicexplorer because it exceeded search pattern filesize limit: MCC_171310461_2.err
[2022-10-19 19:25:46,383] multiqc                                            [DEBUG  ]  File ignored by nanostat because it exceeded search pattern filesize limit: MCC_171310461_2.err
[2022-10-19 19:25:46,383] multiqc                                            [DEBUG  ]  File ignored by lima/summary because it exceeded search pattern filesize limit: MCC_171310461_2.err
[2022-10-19 19:25:46,390] multiqc                                            [DEBUG  ]  File ignored by longranger/invocation because it exceeded search pattern filesize limit: MCC_171310461_2.err
[2022-10-19 19:25:46,422] multiqc                                            [DEBUG  ]  File ignored by ccs/v4 because it exceeded search pattern filesize limit: MCC_171310461_9.err
[2022-10-19 19:25:46,423] multiqc                                            [DEBUG  ]  File ignored by hicexplorer because it exceeded search pattern filesize limit: MCC_171310461_9.err
[2022-10-19 19:25:46,423] multiqc                                            [DEBUG  ]  File ignored by nanostat because it exceeded search pattern filesize limit: MCC_171310461_9.err
[2022-10-19 19:25:46,423] multiqc                                            [DEBUG  ]  File ignored by lima/summary because it exceeded search pattern filesize limit: MCC_171310461_9.err
[2022-10-19 19:25:46,425] multiqc                                            [DEBUG  ]  File ignored by longranger/invocation because it exceeded search pattern filesize limit: MCC_171310461_9.err
[2022-10-19 19:25:46,462] multiqc                                            [DEBUG  ]  File ignored by ccs/v4 because it exceeded search pattern filesize limit: MCC_171310461_7.out
[2022-10-19 19:25:46,465] multiqc                                            [DEBUG  ]  File ignored by hicexplorer because it exceeded search pattern filesize limit: MCC_171310461_7.out
[2022-10-19 19:25:46,465] multiqc                                            [DEBUG  ]  File ignored by nanostat because it exceeded search pattern filesize limit: MCC_171310461_7.out
[2022-10-19 19:25:46,465] multiqc                                            [DEBUG  ]  File ignored by lima/summary because it exceeded search pattern filesize limit: MCC_171310461_7.out
[2022-10-19 19:25:46,469] multiqc                                            [DEBUG  ]  File ignored by longranger/invocation because it exceeded search pattern filesize limit: MCC_171310461_7.out
[2022-10-19 19:25:46,504] multiqc                                            [DEBUG  ]  File ignored by ccs/v4 because it exceeded search pattern filesize limit: MCC_171310461_8.err
[2022-10-19 19:25:46,506] multiqc                                            [DEBUG  ]  File ignored by hicexplorer because it exceeded search pattern filesize limit: MCC_171310461_8.err
[2022-10-19 19:25:46,507] multiqc                                            [DEBUG  ]  File ignored by nanostat because it exceeded search pattern filesize limit: MCC_171310461_8.err
[2022-10-19 19:25:46,507] multiqc                                            [DEBUG  ]  File ignored by lima/summary because it exceeded search pattern filesize limit: MCC_171310461_8.err
[2022-10-19 19:25:46,512] multiqc                                            [DEBUG  ]  File ignored by longranger/invocation because it exceeded search pattern filesize limit: MCC_171310461_8.err
[2022-10-19 19:25:46,576] multiqc                                            [DEBUG  ]  File ignored by ccs/v4 because it exceeded search pattern filesize limit: MCC_171310461_9.out
[2022-10-19 19:25:46,578] multiqc                                            [DEBUG  ]  File ignored by hicexplorer because it exceeded search pattern filesize limit: MCC_171310461_9.out
[2022-10-19 19:25:46,578] multiqc                                            [DEBUG  ]  File ignored by nanostat because it exceeded search pattern filesize limit: MCC_171310461_9.out
[2022-10-19 19:25:46,578] multiqc                                            [DEBUG  ]  File ignored by lima/summary because it exceeded search pattern filesize limit: MCC_171310461_9.out
[2022-10-19 19:25:46,580] multiqc                                            [DEBUG  ]  File ignored by vep/vep_txt because it exceeded search pattern filesize limit: MCC_171310461_9.out
[2022-10-19 19:25:46,580] multiqc                                            [DEBUG  ]  File ignored by longranger/invocation because it exceeded search pattern filesize limit: MCC_171310461_9.out
[2022-10-19 19:25:46,759] multiqc                                            [DEBUG  ]  File ignored by ccs/v4 because it exceeded search pattern filesize limit: MCC_171310461_5.err
[2022-10-19 19:25:46,761] multiqc                                            [DEBUG  ]  File ignored by hicexplorer because it exceeded search pattern filesize limit: MCC_171310461_5.err
[2022-10-19 19:25:46,761] multiqc                                            [DEBUG  ]  File ignored by nanostat because it exceeded search pattern filesize limit: MCC_171310461_5.err
[2022-10-19 19:25:46,761] multiqc                                            [DEBUG  ]  File ignored by lima/summary because it exceeded search pattern filesize limit: MCC_171310461_5.err
[2022-10-19 19:25:46,763] multiqc                                            [DEBUG  ]  File ignored by longranger/invocation because it exceeded search pattern filesize limit: MCC_171310461_5.err
[2022-10-19 19:25:46,806] multiqc                                            [DEBUG  ]  File ignored by ccs/v4 because it exceeded search pattern filesize limit: MCC_171310461_6.out
[2022-10-19 19:25:46,807] multiqc                                            [DEBUG  ]  File ignored by hicexplorer because it exceeded search pattern filesize limit: MCC_171310461_6.out
[2022-10-19 19:25:46,808] multiqc                                            [DEBUG  ]  File ignored by nanostat because it exceeded search pattern filesize limit: MCC_171310461_6.out
[2022-10-19 19:25:46,808] multiqc                                            [DEBUG  ]  File ignored by lima/summary because it exceeded search pattern filesize limit: MCC_171310461_6.out
[2022-10-19 19:25:46,810] multiqc                                            [DEBUG  ]  File ignored by vep/vep_txt because it exceeded search pattern filesize limit: MCC_171310461_6.out
[2022-10-19 19:25:46,810] multiqc                                            [DEBUG  ]  File ignored by longranger/invocation because it exceeded search pattern filesize limit: MCC_171310461_6.out
[2022-10-19 19:25:47,120] multiqc                                            [DEBUG  ]  File ignored by ccs/v4 because it exceeded search pattern filesize limit: MCC_171310461_1.out
[2022-10-19 19:25:47,121] multiqc                                            [DEBUG  ]  File ignored by hicexplorer because it exceeded search pattern filesize limit: MCC_171310461_1.out
[2022-10-19 19:25:47,122] multiqc                                            [DEBUG  ]  File ignored by nanostat because it exceeded search pattern filesize limit: MCC_171310461_1.out
[2022-10-19 19:25:47,122] multiqc                                            [DEBUG  ]  File ignored by lima/summary because it exceeded search pattern filesize limit: MCC_171310461_1.out
[2022-10-19 19:25:47,126] multiqc                                            [DEBUG  ]  File ignored by longranger/invocation because it exceeded search pattern filesize limit: MCC_171310461_1.out
[2022-10-19 19:25:47,174] multiqc                                            [DEBUG  ]  File ignored by ccs/v4 because it exceeded search pattern filesize limit: MCC_171310461_7.err
[2022-10-19 19:25:47,176] multiqc                                            [DEBUG  ]  File ignored by hicexplorer because it exceeded search pattern filesize limit: MCC_171310461_7.err
[2022-10-19 19:25:47,176] multiqc                                            [DEBUG  ]  File ignored by nanostat because it exceeded search pattern filesize limit: MCC_171310461_7.err
[2022-10-19 19:25:47,176] multiqc                                            [DEBUG  ]  File ignored by lima/summary because it exceeded search pattern filesize limit: MCC_171310461_7.err
[2022-10-19 19:25:47,179] multiqc                                            [DEBUG  ]  File ignored by longranger/invocation because it exceeded search pattern filesize limit: MCC_171310461_7.err
[2022-10-19 19:25:47,203] multiqc                                            [DEBUG  ]  File ignored by ccs/v4 because it exceeded search pattern filesize limit: MCC_171310461_10.out
[2022-10-19 19:25:47,205] multiqc                                            [DEBUG  ]  File ignored by hicexplorer because it exceeded search pattern filesize limit: MCC_171310461_10.out
[2022-10-19 19:25:47,205] multiqc                                            [DEBUG  ]  File ignored by nanostat because it exceeded search pattern filesize limit: MCC_171310461_10.out
[2022-10-19 19:25:47,205] multiqc                                            [DEBUG  ]  File ignored by lima/summary because it exceeded search pattern filesize limit: MCC_171310461_10.out
[2022-10-19 19:25:47,207] multiqc                                            [DEBUG  ]  File ignored by vep/vep_txt because it exceeded search pattern filesize limit: MCC_171310461_10.out
[2022-10-19 19:25:47,207] multiqc                                            [DEBUG  ]  File ignored by longranger/invocation because it exceeded search pattern filesize limit: MCC_171310461_10.out
[2022-10-19 19:25:47,365] multiqc                                            [DEBUG  ]  File ignored by ccs/v4 because it exceeded search pattern filesize limit: MCC_171310461_10.err
[2022-10-19 19:25:47,367] multiqc                                            [DEBUG  ]  File ignored by hicexplorer because it exceeded search pattern filesize limit: MCC_171310461_10.err
[2022-10-19 19:25:47,367] multiqc                                            [DEBUG  ]  File ignored by nanostat because it exceeded search pattern filesize limit: MCC_171310461_10.err
[2022-10-19 19:25:47,367] multiqc                                            [DEBUG  ]  File ignored by lima/summary because it exceeded search pattern filesize limit: MCC_171310461_10.err
[2022-10-19 19:25:47,370] multiqc                                            [DEBUG  ]  File ignored by longranger/invocation because it exceeded search pattern filesize limit: MCC_171310461_10.err
[2022-10-19 19:25:47,428] multiqc                                            [DEBUG  ]  File ignored by ccs/v4 because it exceeded search pattern filesize limit: MCC_171310461_3.out
[2022-10-19 19:25:47,429] multiqc                                            [DEBUG  ]  File ignored by hicexplorer because it exceeded search pattern filesize limit: MCC_171310461_3.out
[2022-10-19 19:25:47,429] multiqc                                            [DEBUG  ]  File ignored by nanostat because it exceeded search pattern filesize limit: MCC_171310461_3.out
[2022-10-19 19:25:47,429] multiqc                                            [DEBUG  ]  File ignored by lima/summary because it exceeded search pattern filesize limit: MCC_171310461_3.out
[2022-10-19 19:25:47,432] multiqc                                            [DEBUG  ]  File ignored by vep/vep_txt because it exceeded search pattern filesize limit: MCC_171310461_3.out
[2022-10-19 19:25:47,432] multiqc                                            [DEBUG  ]  File ignored by longranger/invocation because it exceeded search pattern filesize limit: MCC_171310461_3.out
[2022-10-19 19:25:47,615] multiqc                                            [DEBUG  ]  File ignored by ccs/v4 because it exceeded search pattern filesize limit: MCC_171310461_11.out
[2022-10-19 19:25:47,616] multiqc                                            [DEBUG  ]  File ignored by hicexplorer because it exceeded search pattern filesize limit: MCC_171310461_11.out
[2022-10-19 19:25:47,616] multiqc                                            [DEBUG  ]  File ignored by nanostat because it exceeded search pattern filesize limit: MCC_171310461_11.out
[2022-10-19 19:25:47,616] multiqc                                            [DEBUG  ]  File ignored by lima/summary because it exceeded search pattern filesize limit: MCC_171310461_11.out
[2022-10-19 19:25:47,618] multiqc                                            [DEBUG  ]  File ignored by vep/vep_txt because it exceeded search pattern filesize limit: MCC_171310461_11.out
[2022-10-19 19:25:47,619] multiqc                                            [DEBUG  ]  File ignored by longranger/invocation because it exceeded search pattern filesize limit: MCC_171310461_11.out
[2022-10-19 19:25:47,789] multiqc                                            [DEBUG  ]  File ignored by ccs/v4 because it exceeded search pattern filesize limit: MCC_171310461_4.err
[2022-10-19 19:25:47,790] multiqc                                            [DEBUG  ]  File ignored by hicexplorer because it exceeded search pattern filesize limit: MCC_171310461_4.err
[2022-10-19 19:25:47,790] multiqc                                            [DEBUG  ]  File ignored by nanostat because it exceeded search pattern filesize limit: MCC_171310461_4.err
[2022-10-19 19:25:47,790] multiqc                                            [DEBUG  ]  File ignored by lima/summary because it exceeded search pattern filesize limit: MCC_171310461_4.err
[2022-10-19 19:25:47,792] multiqc                                            [DEBUG  ]  File ignored by longranger/invocation because it exceeded search pattern filesize limit: MCC_171310461_4.err
[2022-10-19 19:25:47,838] multiqc                                            [DEBUG  ]  File ignored by ccs/v4 because it exceeded search pattern filesize limit: MCC_171310461_12.err
[2022-10-19 19:25:47,839] multiqc                                            [DEBUG  ]  File ignored by hicexplorer because it exceeded search pattern filesize limit: MCC_171310461_12.err
[2022-10-19 19:25:47,839] multiqc                                            [DEBUG  ]  File ignored by nanostat because it exceeded search pattern filesize limit: MCC_171310461_12.err
[2022-10-19 19:25:47,839] multiqc                                            [DEBUG  ]  File ignored by lima/summary because it exceeded search pattern filesize limit: MCC_171310461_12.err
[2022-10-19 19:25:47,841] multiqc                                            [DEBUG  ]  File ignored by longranger/invocation because it exceeded search pattern filesize limit: MCC_171310461_12.err
[2022-10-19 19:25:47,879] multiqc                                            [DEBUG  ]  File ignored by ccs/v4 because it exceeded search pattern filesize limit: MCC_171310461_1.err
[2022-10-19 19:25:47,881] multiqc                                            [DEBUG  ]  File ignored by hicexplorer because it exceeded search pattern filesize limit: MCC_171310461_1.err
[2022-10-19 19:25:47,881] multiqc                                            [DEBUG  ]  File ignored by nanostat because it exceeded search pattern filesize limit: MCC_171310461_1.err
[2022-10-19 19:25:47,881] multiqc                                            [DEBUG  ]  File ignored by lima/summary because it exceeded search pattern filesize limit: MCC_171310461_1.err
[2022-10-19 19:25:47,885] multiqc                                            [DEBUG  ]  File ignored by longranger/invocation because it exceeded search pattern filesize limit: MCC_171310461_1.err
[2022-10-19 19:25:47,924] multiqc                                            [DEBUG  ]  File ignored by ccs/v4 because it exceeded search pattern filesize limit: MCC_171310461_5.out
[2022-10-19 19:25:47,925] multiqc                                            [DEBUG  ]  File ignored by hicexplorer because it exceeded search pattern filesize limit: MCC_171310461_5.out
[2022-10-19 19:25:47,925] multiqc                                            [DEBUG  ]  File ignored by nanostat because it exceeded search pattern filesize limit: MCC_171310461_5.out
[2022-10-19 19:25:47,925] multiqc                                            [DEBUG  ]  File ignored by lima/summary because it exceeded search pattern filesize limit: MCC_171310461_5.out
[2022-10-19 19:25:47,928] multiqc                                            [DEBUG  ]  File ignored by vep/vep_txt because it exceeded search pattern filesize limit: MCC_171310461_5.out
[2022-10-19 19:25:47,928] multiqc                                            [DEBUG  ]  File ignored by longranger/invocation because it exceeded search pattern filesize limit: MCC_171310461_5.out
[2022-10-19 19:25:48,099] multiqc                                            [DEBUG  ]  File ignored by ccs/v4 because it exceeded search pattern filesize limit: MCC_171310461_11.err
[2022-10-19 19:25:48,100] multiqc                                            [DEBUG  ]  File ignored by hicexplorer because it exceeded search pattern filesize limit: MCC_171310461_11.err
[2022-10-19 19:25:48,100] multiqc                                            [DEBUG  ]  File ignored by nanostat because it exceeded search pattern filesize limit: MCC_171310461_11.err
[2022-10-19 19:25:48,100] multiqc                                            [DEBUG  ]  File ignored by lima/summary because it exceeded search pattern filesize limit: MCC_171310461_11.err
[2022-10-19 19:25:48,103] multiqc                                            [DEBUG  ]  File ignored by longranger/invocation because it exceeded search pattern filesize limit: MCC_171310461_11.err
[2022-10-19 19:25:50,218] multiqc.plots.bargraph                             [DEBUG  ]  Using matplotlib version 3.1.1
[2022-10-19 19:25:50,235] multiqc.plots.linegraph                            [DEBUG  ]  Using matplotlib version 3.1.1
[2022-10-19 19:25:50,238] multiqc                                            [DEBUG  ]  No samples found: custom_content
[2022-10-19 19:25:50,266] multiqc                                            [DEBUG  ]  No samples found: ccs
[2022-10-19 19:25:50,284] multiqc                                            [DEBUG  ]  No samples found: ngsderive
[2022-10-19 19:25:50,658] multiqc                                            [DEBUG  ]  No samples found: purple
[2022-10-19 19:25:50,667] multiqc                                            [DEBUG  ]  No samples found: conpair
[2022-10-19 19:25:50,675] multiqc                                            [DEBUG  ]  No samples found: lima
[2022-10-19 19:25:50,692] multiqc                                            [DEBUG  ]  No samples found: peddy
[2022-10-19 19:25:50,701] multiqc                                            [DEBUG  ]  No samples found: somalier
[2022-10-19 19:25:50,721] multiqc                                            [DEBUG  ]  No samples found: methylQA
[2022-10-19 19:25:50,758] multiqc.modules.mosdepth.mosdepth                  [DEBUG  ]  include_contigs: []
[2022-10-19 19:25:50,759] multiqc.modules.mosdepth.mosdepth                  [DEBUG  ]  exclude_contigs: []
[2022-10-19 19:25:50,759] multiqc                                            [DEBUG  ]  No samples found: mosdepth
[2022-10-19 19:25:50,767] multiqc                                            [DEBUG  ]  No samples found: phantompeakqualtools
[2022-10-19 19:25:50,786] multiqc                                            [DEBUG  ]  No samples found: qualimap
[2022-10-19 19:25:50,797] multiqc                                            [DEBUG  ]  No samples found: preseq
[2022-10-19 19:25:50,824] multiqc                                            [DEBUG  ]  No samples found: quast
[2022-10-19 19:25:50,834] multiqc                                            [DEBUG  ]  No samples found: qorts
[2022-10-19 19:25:50,844] multiqc                                            [DEBUG  ]  No samples found: rna_seqc
[2022-10-19 19:25:50,853] multiqc                                            [DEBUG  ]  No samples found: rockhopper
[2022-10-19 19:25:50,868] multiqc                                            [DEBUG  ]  No samples found: rsem
[2022-10-19 19:25:50,898] multiqc                                            [DEBUG  ]  No samples found: rseqc
[2022-10-19 19:25:50,907] multiqc                                            [DEBUG  ]  No samples found: busco
[2022-10-19 19:25:50,922] multiqc                                            [DEBUG  ]  No samples found: bustools
[2022-10-19 19:25:50,930] multiqc                                            [DEBUG  ]  No samples found: goleft_indexcov
[2022-10-19 19:25:50,938] multiqc                                            [DEBUG  ]  No samples found: gffcompare
[2022-10-19 19:25:50,947] multiqc                                            [DEBUG  ]  No samples found: disambiguate
[2022-10-19 19:25:50,956] multiqc                                            [DEBUG  ]  No samples found: supernova
[2022-10-19 19:25:51,013] multiqc                                            [DEBUG  ]  No samples found: deeptools
[2022-10-19 19:25:51,416] multiqc                                            [DEBUG  ]  No samples found: sargasso
[2022-10-19 19:25:51,438] multiqc                                            [DEBUG  ]  No samples found: verifybamid
[2022-10-19 19:25:51,452] multiqc                                            [DEBUG  ]  No samples found: mirtrace
[2022-10-19 19:25:51,465] multiqc                                            [DEBUG  ]  No samples found: happy
[2022-10-19 19:25:51,473] multiqc                                            [DEBUG  ]  No samples found: mirtop
[2022-10-19 19:25:51,483] multiqc                                            [DEBUG  ]  No samples found: sambamba
[2022-10-19 19:25:51,493] multiqc                                            [DEBUG  ]  No samples found: homer
[2022-10-19 19:25:51,501] multiqc                                            [DEBUG  ]  No samples found: hops
[2022-10-19 19:25:51,523] multiqc                                            [DEBUG  ]  No samples found: macs2
[2022-10-19 19:25:51,531] multiqc                                            [DEBUG  ]  No samples found: theta2
[2022-10-19 19:25:51,542] multiqc                                            [DEBUG  ]  No samples found: snpeff
[2022-10-19 19:25:51,575] multiqc                                            [DEBUG  ]  No samples found: gatk
[2022-10-19 19:25:51,590] multiqc                                            [DEBUG  ]  No samples found: htseq
[2022-10-19 19:25:51,626] multiqc                                            [DEBUG  ]  No samples found: bcftools
[2022-10-19 19:25:51,653] multiqc                                            [DEBUG  ]  No samples found: featureCounts
[2022-10-19 19:25:51,687] multiqc                                            [DEBUG  ]  No samples found: fgbio
[2022-10-19 19:25:51,775] multiqc                                            [DEBUG  ]  No samples found: dragen
[2022-10-19 19:25:51,800] multiqc                                            [DEBUG  ]  No samples found: dedup
[2022-10-19 19:25:51,816] multiqc                                            [DEBUG  ]  No samples found: damageprofiler
[2022-10-19 19:25:51,928] multiqc                                            [DEBUG  ]  No samples found: biobambam2
[2022-10-19 19:25:51,946] multiqc                                            [DEBUG  ]  No samples found: jcvi
[2022-10-19 19:25:51,959] multiqc                                            [DEBUG  ]  No samples found: mtnucratio
[2022-10-19 19:25:51,962] multiqc                                            [DEBUG  ]  No samples found: picard
[2022-10-19 19:25:51,989] multiqc                                            [DEBUG  ]  No samples found: vep
[2022-10-19 19:25:52,013] multiqc                                            [DEBUG  ]  No samples found: sentieon
[2022-10-19 19:25:52,041] multiqc                                            [DEBUG  ]  No samples found: prokka
[2022-10-19 19:25:52,050] multiqc                                            [DEBUG  ]  No samples found: qc3C
[2022-10-19 19:25:52,064] multiqc                                            [DEBUG  ]  No samples found: nanostat
[2022-10-19 19:25:52,074] multiqc                                            [DEBUG  ]  No samples found: samblaster
[2022-10-19 19:25:52,128] multiqc                                            [DEBUG  ]  No samples found: samtools
[2022-10-19 19:25:52,136] multiqc                                            [DEBUG  ]  No samples found: sexdeterrmine
[2022-10-19 19:25:52,144] multiqc                                            [DEBUG  ]  No samples found: eigenstratdatabasetools
[2022-10-19 19:25:52,156] multiqc                                            [DEBUG  ]  No samples found: bamtools
[2022-10-19 19:25:52,164] multiqc                                            [DEBUG  ]  No samples found: jellyfish
[2022-10-19 19:25:52,179] multiqc                                            [DEBUG  ]  No samples found: vcftools
[2022-10-19 19:25:52,197] multiqc                                            [DEBUG  ]  No samples found: longranger
[2022-10-19 19:25:52,228] multiqc                                            [DEBUG  ]  No samples found: stacks
[2022-10-19 19:25:52,236] multiqc                                            [DEBUG  ]  No samples found: varscan2
[2022-10-19 19:25:52,244] multiqc                                            [DEBUG  ]  No samples found: snippy
[2022-10-19 19:25:52,286] multiqc                                            [DEBUG  ]  No samples found: bbmap
[2022-10-19 19:25:52,307] multiqc                                            [DEBUG  ]  No samples found: bismark
[2022-10-19 19:25:52,336] multiqc                                            [DEBUG  ]  No samples found: biscuit
[2022-10-19 19:25:52,346] multiqc                                            [DEBUG  ]  No samples found: hicexplorer
[2022-10-19 19:25:52,371] multiqc                                            [DEBUG  ]  No samples found: hicup
[2022-10-19 19:25:52,381] multiqc                                            [DEBUG  ]  No samples found: hicpro
[2022-10-19 19:25:52,388] multiqc                                            [DEBUG  ]  No samples found: salmon
[2022-10-19 19:25:52,397] multiqc                                            [DEBUG  ]  No samples found: kallisto
[2022-10-19 19:25:52,420] multiqc                                            [DEBUG  ]  No samples found: slamdunk
[2022-10-19 19:25:52,429] multiqc                                            [DEBUG  ]  No samples found: star
[2022-10-19 19:25:52,461] multiqc                                            [DEBUG  ]  No samples found: hisat2
[2022-10-19 19:25:52,471] multiqc                                            [DEBUG  ]  No samples found: tophat
[2022-10-19 19:25:52,485] multiqc.modules.bowtie2.bowtie2                    [DEBUG  ]  Duplicate sample name found! Overwriting: MCC_171310461_3.err
[2022-10-19 19:25:52,490] multiqc.modules.bowtie2.bowtie2                    [DEBUG  ]  Duplicate sample name found! Overwriting: MCC_171310461_6.err
[2022-10-19 19:25:52,494] multiqc.modules.bowtie2.bowtie2                    [DEBUG  ]  Duplicate sample name found! Overwriting: MCC_171310461_2.err
[2022-10-19 19:25:52,499] multiqc.modules.bowtie2.bowtie2                    [DEBUG  ]  Duplicate sample name found! Overwriting: MCC_171310461_9.err
[2022-10-19 19:25:52,499] multiqc.modules.bowtie2.bowtie2                    [DEBUG  ]  Duplicate sample name found! Overwriting: MCC_171310461_9.err
[2022-10-19 19:25:52,500] multiqc.modules.bowtie2.bowtie2                    [DEBUG  ]  Duplicate sample name found! Overwriting: MCC_171310461_9.err
[2022-10-19 19:25:52,505] multiqc.modules.bowtie2.bowtie2                    [DEBUG  ]  Duplicate sample name found! Overwriting: MCC_171310461_8.err
[2022-10-19 19:25:52,505] multiqc.modules.bowtie2.bowtie2                    [DEBUG  ]  Duplicate sample name found! Overwriting: MCC_171310461_8.err
[2022-10-19 19:25:52,506] multiqc.modules.bowtie2.bowtie2                    [DEBUG  ]  Duplicate sample name found! Overwriting: MCC_171310461_8.err
[2022-10-19 19:25:52,510] multiqc.modules.bowtie2.bowtie2                    [DEBUG  ]  Duplicate sample name found! Overwriting: MCC_171310461_5.err
[2022-10-19 19:25:52,515] multiqc.modules.bowtie2.bowtie2                    [DEBUG  ]  Duplicate sample name found! Overwriting: MCC_171310461_10.err
[2022-10-19 19:25:52,515] multiqc.modules.bowtie2.bowtie2                    [DEBUG  ]  Duplicate sample name found! Overwriting: MCC_171310461_10.err
[2022-10-19 19:25:52,516] multiqc.modules.bowtie2.bowtie2                    [DEBUG  ]  Duplicate sample name found! Overwriting: MCC_171310461_10.err
[2022-10-19 19:25:52,520] multiqc.modules.bowtie2.bowtie2                    [DEBUG  ]  Duplicate sample name found! Overwriting: MCC_171310461_4.err
[2022-10-19 19:25:52,525] multiqc.modules.bowtie2.bowtie2                    [DEBUG  ]  Duplicate sample name found! Overwriting: MCC_171310461_12.err
[2022-10-19 19:25:52,526] multiqc.modules.bowtie2.bowtie2                    [DEBUG  ]  Duplicate sample name found! Overwriting: MCC_171310461_12.err
[2022-10-19 19:25:52,526] multiqc.modules.bowtie2.bowtie2                    [DEBUG  ]  Duplicate sample name found! Overwriting: MCC_171310461_12.err
[2022-10-19 19:25:52,531] multiqc.modules.bowtie2.bowtie2                    [DEBUG  ]  Duplicate sample name found! Overwriting: MCC_171310461_11.err
[2022-10-19 19:25:52,531] multiqc.modules.bowtie2.bowtie2                    [DEBUG  ]  Duplicate sample name found! Overwriting: MCC_171310461_11.err
[2022-10-19 19:25:52,532] multiqc.modules.bowtie2.bowtie2                    [DEBUG  ]  Duplicate sample name found! Overwriting: MCC_171310461_11.err
[2022-10-19 19:25:52,533] multiqc.modules.bowtie2.bowtie2                    [INFO   ]  Found 10 reports
[2022-10-19 19:25:52,550] multiqc                                            [DEBUG  ]  No samples found: bowtie1
[2022-10-19 19:25:52,557] multiqc                                            [DEBUG  ]  No samples found: snpsplit
[2022-10-19 19:25:52,567] multiqc                                            [DEBUG  ]  No samples found: odgi
[2022-10-19 19:25:52,575] multiqc                                            [DEBUG  ]  No samples found: pangolin
[2022-10-19 19:25:52,583] multiqc                                            [DEBUG  ]  No samples found: kat
[2022-10-19 19:25:52,590] multiqc                                            [DEBUG  ]  No samples found: leehom
[2022-10-19 19:25:52,599] multiqc                                            [DEBUG  ]  No samples found: adapterRemoval
[2022-10-19 19:25:52,607] multiqc                                            [DEBUG  ]  No samples found: clipandmerge
[2022-10-19 19:25:52,648] multiqc.modules.cutadapt.cutadapt                  [DEBUG  ]  Duplicate sample name found! Overwriting: 2488925_Hudep1_rep1_S1_R1_001
[2022-10-19 19:25:52,651] multiqc.modules.cutadapt.cutadapt                  [DEBUG  ]  Duplicate sample name found! Overwriting: 2488925_Hudep1_rep1_S1_R2_001
[2022-10-19 19:25:52,660] multiqc.modules.cutadapt.cutadapt                  [DEBUG  ]  Duplicate sample name found! Overwriting: 2488927_Hudep2_175_rep1_S3_R1_001
[2022-10-19 19:25:52,662] multiqc.modules.cutadapt.cutadapt                  [DEBUG  ]  Duplicate sample name found! Overwriting: 2488927_Hudep2_175_rep1_S3_R2_001
[2022-10-19 19:25:52,691] multiqc.modules.cutadapt.cutadapt                  [DEBUG  ]  Duplicate sample name found! Overwriting: 2488928_Hudep1_rep2_S4_R1_001
[2022-10-19 19:25:52,693] multiqc.modules.cutadapt.cutadapt                  [DEBUG  ]  Duplicate sample name found! Overwriting: 2488928_Hudep1_rep2_S4_R2_001
[2022-10-19 19:25:52,699] multiqc.modules.cutadapt.cutadapt                  [DEBUG  ]  Duplicate sample name found! Overwriting: 2488929_Hudep2_rep2_S5_R1_001
[2022-10-19 19:25:52,702] multiqc.modules.cutadapt.cutadapt                  [DEBUG  ]  Duplicate sample name found! Overwriting: 2488929_Hudep2_rep2_S5_R2_001
[2022-10-19 19:25:52,711] multiqc.modules.cutadapt.cutadapt                  [DEBUG  ]  Duplicate sample name found! Overwriting: 2488926_Hudep2_rep1_S2_R1_001
[2022-10-19 19:25:52,713] multiqc.modules.cutadapt.cutadapt                  [DEBUG  ]  Duplicate sample name found! Overwriting: 2488926_Hudep2_rep1_S2_R2_001
[2022-10-19 19:25:52,722] multiqc.modules.cutadapt.cutadapt                  [INFO   ]  Found 10 reports
[2022-10-19 19:25:52,740] multiqc                                            [DEBUG  ]  No samples found: flexbar
[2022-10-19 19:25:52,749] multiqc                                            [DEBUG  ]  No samples found: kaiju
[2022-10-19 19:25:52,774] multiqc                                            [DEBUG  ]  No samples found: kraken
[2022-10-19 19:25:52,788] multiqc                                            [DEBUG  ]  No samples found: malt
[2022-10-19 19:25:52,797] multiqc                                            [DEBUG  ]  No samples found: trimmomatic
[2022-10-19 19:25:52,806] multiqc                                            [DEBUG  ]  No samples found: sickle
[2022-10-19 19:25:52,826] multiqc                                            [DEBUG  ]  No samples found: skewer
[2022-10-19 19:25:52,833] multiqc                                            [DEBUG  ]  No samples found: sortmerna
[2022-10-19 19:25:52,841] multiqc                                            [DEBUG  ]  No samples found: biobloomtools
[2022-10-19 19:25:52,855] multiqc                                            [DEBUG  ]  No samples found: fastq_screen
[2022-10-19 19:25:52,941] multiqc                                            [DEBUG  ]  No samples found: afterqc
[2022-10-19 19:25:52,965] multiqc                                            [DEBUG  ]  No samples found: fastp
[2022-10-19 19:25:52,986] multiqc                                            [DEBUG  ]  No samples found: fastqc
[2022-10-19 19:25:52,995] multiqc                                            [DEBUG  ]  No samples found: pychopper
[2022-10-19 19:25:53,003] multiqc                                            [DEBUG  ]  No samples found: pycoqc
[2022-10-19 19:25:53,017] multiqc                                            [DEBUG  ]  No samples found: minionqc
[2022-10-19 19:25:53,030] multiqc                                            [DEBUG  ]  No samples found: multivcfanalyzer
[2022-10-19 19:25:53,038] multiqc                                            [DEBUG  ]  No samples found: clusterflow
[2022-10-19 19:25:53,054] multiqc                                            [DEBUG  ]  No samples found: bcl2fastq
[2022-10-19 19:25:53,188] multiqc                                            [DEBUG  ]  No samples found: bclconvert
[2022-10-19 19:25:53,219] multiqc                                            [DEBUG  ]  No samples found: interop
[2022-10-19 19:25:53,252] multiqc                                            [DEBUG  ]  No samples found: ivar
[2022-10-19 19:25:53,323] multiqc.modules.flash.flash                        [INFO   ]  Found 10 log reports
[2022-10-19 19:25:53,341] multiqc                                            [DEBUG  ]  No samples found: seqyclean
[2022-10-19 19:25:53,348] multiqc                                            [DEBUG  ]  No samples found: optitype
[2022-10-19 19:25:53,358] multiqc                                            [INFO   ]  Compressing plot data
[2022-10-19 19:25:53,435] multiqc                                            [INFO   ]  Report      : multiqc_report.html
[2022-10-19 19:25:53,435] multiqc                                            [INFO   ]  Data        : multiqc_data
[2022-10-19 19:25:53,435] multiqc                                            [DEBUG  ]  Moving data file from '/lsf_tmp/171310462_1.tmpdir/tmp5bibkq8e/multiqc_data' to '/research_jude/rgs01_jude/groups/chenggrp/projects/blood_regulome/chenggrp/Projects/jchen6/Shared_Resources/weissgrp_283065_MCC/MicroC_yli11_2022-10-18/multiqc_data'
[2022-10-19 19:25:53,989] multiqc                                            [INFO   ]  MultiQC complete
