2515877_DOE16_17_S118_L002Aligned.sortedByCoord.out.bam






------------------------------------------------------------
Sender: LSF System <lsfadmin@noderome118>
Subject: Job 179098256[17]: <REDI[1-24]> in cluster <hpcf_research_cluster> Done

Job <REDI[1-24]> was submitted from host <noderome134> by user <yli11> in cluster <hpcf_research_cluster> at Tue Jan 10 09:38:16 2023
Job was executed on host(s) <20*noderome118>, in queue <standard>, as user <yli11> in cluster <hpcf_research_cluster> at Tue Jan 10 09:38:23 2023
</home/yli11> was used as the home directory.
</research_jude/rgs01_jude/groups/chenggrp/projects/blood_regulome/chenggrp/Sequencing_runs/weissgrp_286772_RNAseq_total_stranded/rna_seq_variant_call_yli11_2023-01-09> was used as the working directory.
Started at Tue Jan 10 09:38:23 2023
Terminated at Thu Jan 12 06:35:52 2023
Results reported at Thu Jan 12 06:35:52 2023

Your job looked like:

------------------------------------------------------------
# LSBATCH: User input


#BSUB -P run_yli11_
#BSUB -o run_yli11_2023-01-10/log_files/REDI_%J_%I.out -e run_yli11_2023-01-10/log_files/REDI_%J_%I.err
#BSUB -n 20
#BSUB -q standard
#BSUB -R "span[hosts=1] rusage[mem=4000]"
#BSUB -J "REDI[1-24]"



module purge

id=$LSB_JOBINDEX
COL1=`head -n $id bam.list|tail -n1|awk -F "	" '{print $1}'`
COL2=`head -n $id bam.list|tail -n1|awk -F "	" '{print $2}'`
COL3=`head -n $id bam.list|tail -n1|awk -F "	" '{print $3}'`
COL4=`head -n $id bam.list|tail -n1|awk -F "	" '{print $4}'`
COL5=`head -n $id bam.list|tail -n1|awk -F "	" '{print $5}'`
COL6=`head -n $id bam.list|tail -n1|awk -F "	" '{print $6}'`
COL7=`head -n $id bam.list|tail -n1|awk -F "	" '{print $7}'`
COL8=`head -n $id bam.list|tail -n1|awk -F "	" '{print $8}'`
COL9=`head -n $id bam.list|tail -n1|awk -F "	" '{print $9}'`
LINE=`head -n $id bam.list|tail -n1`

echo ${COL1}
echo ${COL2}
echo ${COL3}
echo ${COL4}
echo ${COL5}
echo ${COL6}

ncore=20
mem=4000
module load python/2.7.13
python ~/HemTools/share/script/REDItoolDnaRna.py -t 20 -i ${COL1} -d -D -f /home/yli11/Data/Human/hg19/fasta/Homo_sapiens.add_chr.GRCh37.dna.primary_assembly.fa -G ~/Data/Human/hg19/annotations/gencode.v30lift37.annotation.st.gtf.gz -o ${COL1}_REDItool_results


------------------------------------------------------------

Successfully completed.

Resource usage summary:

    CPU time :                                   1569275.75 sec.
    Max Memory :                                 1326 MB
    Average Memory :                             655.26 MB
    Total Requested Memory :                     80000.00 MB
    Delta Memory :                               78674.00 MB
    Max Swap :                                   -
    Max Processes :                              24
    Max Threads :                                26
    Run time :                                   161848 sec.
    Turnaround time :                            161856 sec.

The output (if any) is above this job summary.



PS:

Read file <run_yli11_2023-01-10/log_files/REDI_179098256_17.err> for stderr output of this job.

