Pysam version used: 0.12.0.1
Script time --> START: 10/01/2023 09:38:27
Analysis ID: 33384516
Indexing RNA-Seq BAM file.
Working without DNA-Seq BAM file(s).
Analysis on 67 regions.
Started analysis on region: chr13:1-115169878
Started analysis on region: chr15:1-102531392
Started analysis on region: chr18:1-78077248
Started analysis on region: chr19:1-59128983
Started analysis on region: chrGL000200.1:1-187035
Started analysis on region: chr17:1-81195210
Started analysis on region: chrGL000212.1:1-186858
Started analysis on region: chr16:1-90354753
Started analysis on region: chrGL000228.1:1-129120
Started analysis on region: chrMT:1-16569
Started analysis on region: chrY:1-59373566
Started analysis on region: chr14:1-107349540
Started analysis on region: chr10:1-135534747
Started analysis on region: chr11:1-135006516
Started analysis on region: chrGL000201.1:1-36148
Started analysis on region: chr12:1-133851895
Started analysis on region: chrGL000213.1:1-164239
Started analysis on region: chrGL000227.1:1-128374
Started analysis on region: chrX:1-155270560
Started analysis on region: chrGL000235.1:1-34474
Job completed for region: chrGL000235.1:1-34474
Job completed for region: chrGL000213.1:1-164239
Started analysis on region: chrGL000206.1:1-41001
Started analysis on region: chrGL000196.1:1-38914
Job completed for region: chrGL000200.1:1-187035
Job completed for region: chrGL000206.1:1-41001
Started analysis on region: chrGL000192.1:1-547496
Started analysis on region: chrGL000222.1:1-186861
Job completed for region: chrGL000201.1:1-36148
Started analysis on region: chrGL000197.1:1-37175
Job completed for region: chrGL000197.1:1-37175
Started analysis on region: chrGL000223.1:1-180455
Job completed for region: chrGL000228.1:1-129120
Started analysis on region: chrGL000246.1:1-38154
Job completed for region: chrGL000246.1:1-38154
Job completed for region: chrGL000212.1:1-186858
Started analysis on region: chrGL000193.1:1-189789
Started analysis on region: chr7:1-159138663
Job completed for region: chrGL000193.1:1-189789
Started analysis on region: chrGL000247.1:1-36422
Job completed for region: chrGL000227.1:1-128374
Started analysis on region: chrGL000194.1:1-191469
Job completed for region: chrGL000247.1:1-36422
Started analysis on region: chrGL000191.1:1-106433
Job completed for region: chrGL000196.1:1-38914
Started analysis on region: chrGL000215.1:1-172545
Job completed for region: chrGL000215.1:1-172545
Started analysis on region: chrGL000240.1:1-41933
Job completed for region: chrGL000240.1:1-41933
Started analysis on region: chrGL000214.1:1-137718
Job completed for region: chrGL000214.1:1-137718
Started analysis on region: chrGL000241.1:1-42152
Job completed for region: chrGL000192.1:1-547496
Started analysis on region: chrGL000221.1:1-155397
Job completed for region: chrGL000241.1:1-42152
Started analysis on region: chrGL000248.1:1-39786
Job completed for region: chrGL000248.1:1-39786
Started analysis on region: chrGL000217.1:1-172149
Job completed for region: chrGL000217.1:1-172149
Started analysis on region: chrGL000216.1:1-172294
Job completed for region: chrGL000194.1:1-191469
Started analysis on region: chrGL000242.1:1-43523
Job completed for region: chrGL000216.1:1-172294
Started analysis on region: chrGL000219.1:1-179198
Job completed for region: chrGL000242.1:1-43523
Started analysis on region: chrGL000224.1:1-179693
Job completed for region: chrGL000224.1:1-179693
Started analysis on region: chrGL000205.1:1-174588
Job completed for region: chrGL000222.1:1-186861
Started analysis on region: chr22:1-51304566
Job completed for region: chrGL000221.1:1-155397
Started analysis on region: chr20:1-63025520
Job completed for region: chrGL000219.1:1-179198
Started analysis on region: chrGL000232.1:1-40652
Job completed for region: chrGL000232.1:1-40652
Started analysis on region: chrGL000211.1:1-166566
Job completed for region: chrGL000191.1:1-106433
Started analysis on region: chrGL000243.1:1-43341
Job completed for region: chrGL000243.1:1-43341
Started analysis on region: chrGL000249.1:1-38502
Job completed for region: chrGL000223.1:1-180455
Started analysis on region: chrGL000231.1:1-27386
Job completed for region: chrGL000231.1:1-27386
Started analysis on region: chr6:1-171115067
Job completed for region: chrGL000211.1:1-166566
Started analysis on region: chr5:1-180915260
Job completed for region: chrGL000249.1:1-38502
Started analysis on region: chr4:1-191154276
Job completed for region: chrGL000205.1:1-174588
Started analysis on region: chr3:1-198022430
Job completed for region: chrMT:1-16569
Started analysis on region: chr2:1-243199373
Job completed for region: chrY:1-59373566
Started analysis on region: chr1:1-249250621
Job completed for region: chr18:1-78077248
Started analysis on region: chrGL000195.1:1-182896
Job completed for region: chrGL000195.1:1-182896
Started analysis on region: chrGL000218.1:1-161147
Job completed for region: chrGL000218.1:1-161147
Started analysis on region: chrGL000208.1:1-92689
Job completed for region: chrGL000208.1:1-92689
Started analysis on region: chrGL000220.1:1-161802
Job completed for region: chr13:1-115169878
Started analysis on region: chr9:1-141213431
Job completed for region: chrGL000220.1:1-161802
Started analysis on region: chr8:1-146364022
Job completed for region: chr20:1-63025520
Started analysis on region: chrGL000236.1:1-41934
Job completed for region: chrGL000236.1:1-41934
Started analysis on region: chrGL000199.1:1-169874
Job completed for region: chrGL000199.1:1-169874
Started analysis on region: chr21:1-48129895
Job completed for region: chrX:1-155270560
Started analysis on region: chrGL000238.1:1-39939
Job completed for region: chrGL000238.1:1-39939
Job completed for region: chr22:1-51304566
Job completed for region: chr4:1-191154276
Job completed for region: chr19:1-59128983
Job completed for region: chr21:1-48129895
Job completed for region: chr10:1-135534747
Job completed for region: chr14:1-107349540
Job completed for region: chr11:1-135006516
Job completed for region: chr16:1-90354753
Job completed for region: chr5:1-180915260
Job completed for region: chr7:1-159138663
Job completed for region: chr6:1-171115067
Job completed for region: chr8:1-146364022
Job completed for region: chr15:1-102531392
Job completed for region: chr9:1-141213431
Job completed for region: chr12:1-133851895
Job completed for region: chr17:1-81195210
Job completed for region: chr3:1-198022430
Job completed for region: chr2:1-243199373
Job completed for region: chr1:1-249250621
Merging Tables.
Results saved on 2515864_DOE16_4_S105_L002Aligned.sortedByCoord.out.bam_REDItool_results/DnaRna_33384516/outTable_33384516
Script time --> END: 11/01/2023 13:18:03
