
------------------------------------------------------------
Sender: LSF System <lsfadmin@noderome188>
Subject: Job 170665604[2]: <rmdup.bw[1-9]> in cluster <hpcf_research_cluster> Done

Job <rmdup.bw[1-9]> was submitted from host <noderome174> by user <rfeng> in cluster <hpcf_research_cluster> at Thu Oct  6 11:07:22 2022
Job was executed on host(s) <6*noderome188>, in queue <standard>, as user <rfeng> in cluster <hpcf_research_cluster> at Thu Oct  6 11:44:02 2022
</home/rfeng> was used as the home directory.
</research/dept/hem/common/sequencing/chenggrp/Ruopeng_CUTRUN/100622_CUTRUN/DrT> was used as the working directory.
Started at Thu Oct  6 11:44:02 2022
Terminated at Thu Oct  6 11:48:06 2022
Results reported at Thu Oct  6 11:48:06 2022

Your job looked like:

------------------------------------------------------------
# LSBATCH: User input


#BSUB -P cut_run
#BSUB -o cut_run_rfeng_2022-10-06.rmdup.bw.message_%J_%I.out -e cut_run_rfeng_2022-10-06.rmdup.bw.message_%J_%I.err
#BSUB -n 6
#BSUB -q standard
#BSUB -R "span[hosts=1] rusage[mem=4500]"
#BSUB -J "rmdup.bw[1-9]"
module purge
#BSUB -w "ended(170665602[*])"
#BSUB -R "select[rhel7]"
module load conda3/202011
source activate /home/yli11/.conda/envs/captureC

id=$LSB_JOBINDEX
COL1=`head -n $id fastq.tsv|tail -n1|awk -F "	" '{print $1}'`
COL2=`head -n $id fastq.tsv|tail -n1|awk -F "	" '{print $2}'`
COL3=`head -n $id fastq.tsv|tail -n1|awk -F "	" '{print $3}'`
COL4=`head -n $id fastq.tsv|tail -n1|awk -F "	" '{print $4}'`
COL5=`head -n $id fastq.tsv|tail -n1|awk -F "	" '{print $5}'`
COL6=`head -n $id fastq.tsv|tail -n1|awk -F "	" '{print $6}'`
LINE=`head -n $id fastq.tsv|tail -n1`

bamCoverage -b ${COL3}.rmdup.bam -o ${COL3}.rmdup.bw --smoothLength=200 --ignoreForNormalization chrX chrM   --effectiveGenomeSize 2451960000 --numberOfProcessors 6 --centerReads

		
------------------------------------------------------------

Successfully completed.

Resource usage summary:

    CPU time :                                   1077.75 sec.
    Max Memory :                                 175 MB
    Average Memory :                             121.41 MB
    Total Requested Memory :                     27000.00 MB
    Delta Memory :                               26825.00 MB
    Max Swap :                                   -
    Max Processes :                              10
    Max Threads :                                14
    Run time :                                   243 sec.
    Turnaround time :                            2444 sec.

The output (if any) is above this job summary.



PS:

Read file <cut_run_rfeng_2022-10-06.rmdup.bw.message_170665604_2.err> for stderr output of this job.

