Analysis complete for 175clone_LDB1_S8_R2_001.fastq.gz

------------------------------------------------------------
Sender: LSF System <lsfadmin@noderome188>
Subject: Job 170665600[4]: <QC1[1-18]> in cluster <hpcf_research_cluster> Done

Job <QC1[1-18]> was submitted from host <noderome174> by user <rfeng> in cluster <hpcf_research_cluster> at Thu Oct  6 11:07:22 2022
Job was executed on host(s) <noderome188>, in queue <standard>, as user <rfeng> in cluster <hpcf_research_cluster> at Thu Oct  6 11:07:26 2022
</home/rfeng> was used as the home directory.
</research/dept/hem/common/sequencing/chenggrp/Ruopeng_CUTRUN/100622_CUTRUN/DrT> was used as the working directory.
Started at Thu Oct  6 11:07:26 2022
Terminated at Thu Oct  6 11:09:09 2022
Results reported at Thu Oct  6 11:09:09 2022

Your job looked like:

------------------------------------------------------------
# LSBATCH: User input


#BSUB -P cut_run
#BSUB -o cut_run_rfeng_2022-10-06.fastqc.message_%J_%I.out -e cut_run_rfeng_2022-10-06.fastqc.message_%J_%I.err
#BSUB -n 1
#BSUB -q standard
#BSUB -R "span[hosts=1] rusage[mem=4000]"
#BSUB -J "QC1[1-18]"
module purge
module load fastqc/0.11.5

id=$LSB_JOBINDEX
COL1=`head -n $id cut_run_rfeng_2022-10-06.fastqc.input|tail -n1|awk -F "	" '{print $1}'`
COL2=`head -n $id cut_run_rfeng_2022-10-06.fastqc.input|tail -n1|awk -F "	" '{print $2}'`
COL3=`head -n $id cut_run_rfeng_2022-10-06.fastqc.input|tail -n1|awk -F "	" '{print $3}'`
COL4=`head -n $id cut_run_rfeng_2022-10-06.fastqc.input|tail -n1|awk -F "	" '{print $4}'`
COL5=`head -n $id cut_run_rfeng_2022-10-06.fastqc.input|tail -n1|awk -F "	" '{print $5}'`
COL6=`head -n $id cut_run_rfeng_2022-10-06.fastqc.input|tail -n1|awk -F "	" '{print $6}'`
LINE=`head -n $id cut_run_rfeng_2022-10-06.fastqc.input|tail -n1`

fastqc ${COL1}

		
------------------------------------------------------------

Successfully completed.

Resource usage summary:

    CPU time :                                   63.95 sec.
    Max Memory :                                 176 MB
    Average Memory :                             123.05 MB
    Total Requested Memory :                     4000.00 MB
    Delta Memory :                               3824.00 MB
    Max Swap :                                   -
    Max Processes :                              4
    Max Threads :                                18
    Run time :                                   103 sec.
    Turnaround time :                            107 sec.

The output (if any) is above this job summary.



PS:

Read file <cut_run_rfeng_2022-10-06.fastqc.message_170665600_4.err> for stderr output of this job.

