null device 
          1 
null device 
          1 
null device 
          1 
null device 
          1 
[1] 30.0975
null device 
          1 
Number of query regions: 109945
Number of assigned query regions by Exon: 10151
Number of assigned query regions by Promoter: 24195
Number of assigned query regions by 5UTR: 2517
Number of assigned query regions by 3UTR: 2382
Number of assigned query regions by Intron: 72399
  query_chr  query_start  ...          Intron_gene Genomic_features
0      chr1        30748  ...  ENSG00000243485.5_6         Promoter
1      chr1        31403  ...                    .         Promoter
2      chr1        32474  ...                    .       Intergenic
3      chr1        33036  ...                    .       Intergenic
4      chr1        38605  ...                    .       Intergenic

[5 rows x 14 columns]
These categories are not found: 5UTR, 3UTR
175clone_GATA1_S5.bam
175clone_GATA1_S5.vs.HUDEP2_IgG_S9_peaks.rmblck.narrowPeak


                    Name  FRIP_CHIP
0  175clone_GATA1_S5.bam   0.485726
Number of query regions: 96561
Number of assigned query regions by Exon: 9146
Number of assigned query regions by Promoter: 22017
Number of assigned query regions by 5UTR: 2284
Number of assigned query regions by 3UTR: 2183
Number of assigned query regions by Intron: 65219
  query_chr  ...  Genomic_features
0      chr1  ...          Promoter
1      chr1  ...        Intergenic
2      chr1  ...              Exon
3      chr1  ...            Intron
4      chr1  ...            Intron

[5 rows x 14 columns]
These categories are not found: 5UTR, 3UTR
175clone_GATA1_S5.rmdup.uq.rmchrM.bam
175clone_GATA1_S5.vs.HUDEP2_IgG_S9.rmdup.uq.rmchrM_peaks.rmblck.narrowPeak


                                    Name  FRIP_CHIP
0  175clone_GATA1_S5.rmdup.uq.rmchrM.bam   0.477136
Number of query regions: 105812
Number of assigned query regions by Exon: 9915
Number of assigned query regions by Promoter: 23903
Number of assigned query regions by 5UTR: 2456
Number of assigned query regions by 3UTR: 2320
Number of assigned query regions by Intron: 70232
  query_chr  query_start  ...          Intron_gene Genomic_features
0      chr1        30744  ...  ENSG00000243485.5_6         Promoter
1      chr1        31396  ...                    .         Promoter
2      chr1        32474  ...                    .       Intergenic
3      chr1        33033  ...                    .       Intergenic
4      chr1        38602  ...                    .       Intergenic

[5 rows x 14 columns]
These categories are not found: 5UTR, 3UTR
175clone_GATA1_S5.rmdup.bam
175clone_GATA1_S5.vs.HUDEP2_IgG_S9.rmdup_peaks.rmblck.narrowPeak


                          Name  FRIP_CHIP
0  175clone_GATA1_S5.rmdup.bam    0.46822
Number of query regions: 100123
Number of assigned query regions by Exon: 9320
Number of assigned query regions by Promoter: 22221
Number of assigned query regions by 5UTR: 2319
Number of assigned query regions by 3UTR: 2235
Number of assigned query regions by Intron: 67183
  query_chr  ...  Genomic_features
0      chr1  ...          Promoter
1      chr1  ...        Intergenic
2      chr1  ...              Exon
3      chr1  ...            Intron
4      chr1  ...            Intron

[5 rows x 14 columns]
These categories are not found: 5UTR, 3UTR
175clone_GATA1_S5.markdup.uq.bam
175clone_GATA1_S5.vs.HUDEP2_IgG_S9.markdup.uq_peaks.rmblck.narrowPeak


                               Name  FRIP_CHIP
0  175clone_GATA1_S5.markdup.uq.bam   0.539449
Calling enriched regions with control file
Normalizing control to experimental bedgraph
Using relaxed threshold
Creating experimental AUC file: Thu Oct  6 14:48:57 CDT 2022
Creating control AUC file: Thu Oct  6 14:48:58 CDT 2022
Calculating optimal AUC threshold: Thu Oct  6 14:48:58 CDT 2022
Calculating threshold using normalized control: Thu Oct  6 14:48:58 CDT 2022
Calling enriched regions with control file
Normalizing control to experimental bedgraph
Using relaxed threshold
Creating experimental AUC file: Thu Oct  6 14:48:59 CDT 2022
Creating control AUC file: Thu Oct  6 14:49:17 CDT 2022
Calculating optimal AUC threshold: Thu Oct  6 14:49:30 CDT 2022
Calculating threshold using normalized control: Thu Oct  6 14:49:30 CDT 2022
Creating thresholded feature file: Thu Oct  6 14:50:34 CDT 2022
Empirical false discovery rate = 0.0239013107170393
Merging nearby features and eliminating control-enriched features: Thu Oct  6 14:50:43 CDT 2022
Removing temporary files: Thu Oct  6 14:50:43 CDT 2022
Done: Thu Oct  6 14:50:43 CDT 2022
Calling enriched regions with control file
Normalizing control to experimental bedgraph
Using relaxed threshold
Creating experimental AUC file: Thu Oct  6 14:50:43 CDT 2022
Creating control AUC file: Thu Oct  6 14:51:00 CDT 2022
Calculating optimal AUC threshold: Thu Oct  6 14:51:12 CDT 2022
Calculating threshold using normalized control: Thu Oct  6 14:51:12 CDT 2022
Creating thresholded feature file: Thu Oct  6 14:52:09 CDT 2022
Empirical false discovery rate = 0.0225988700564972
Merging nearby features and eliminating control-enriched features: Thu Oct  6 14:52:17 CDT 2022
Removing temporary files: Thu Oct  6 14:52:17 CDT 2022
Done: Thu Oct  6 14:52:17 CDT 2022

------------------------------------------------------------
Sender: LSF System <lsfadmin@noderome120>
Subject: Job 170665607[6]: <macs2[1-8]> in cluster <hpcf_research_cluster> Done

Job <macs2[1-8]> was submitted from host <noderome174> by user <rfeng> in cluster <hpcf_research_cluster> at Thu Oct  6 11:07:23 2022
Job was executed on host(s) <noderome120>, in queue <standard>, as user <rfeng> in cluster <hpcf_research_cluster> at Thu Oct  6 13:22:34 2022
</home/rfeng> was used as the home directory.
</research/dept/hem/common/sequencing/chenggrp/Ruopeng_CUTRUN/100622_CUTRUN/DrT> was used as the working directory.
Started at Thu Oct  6 13:22:34 2022
Terminated at Thu Oct  6 14:52:18 2022
Results reported at Thu Oct  6 14:52:18 2022

Your job looked like:

------------------------------------------------------------
# LSBATCH: User input


#BSUB -P cut_run
#BSUB -o cut_run_rfeng_2022-10-06.macs2.message_%J_%I.out -e cut_run_rfeng_2022-10-06.macs2.message_%J_%I.err
#BSUB -n 1
#BSUB -q standard
#BSUB -R "span[hosts=1] rusage[mem=80000]"
#BSUB -J "macs2[1-8]"
module purge
#BSUB -w "ended(170665602)"
module load samtools/1.10
module load bedtools/2.29.2
module load conda3
source activate /home/yli11/.conda/envs/py2
module load gcc/6.3.0
export PATH=$PATH:"/home/yli11/HemTools/bin"
module load R/3.5.1

id=$LSB_JOBINDEX
COL1=`head -n $id peakcall.tsv|tail -n1|awk -F "	" '{print $1}'`
COL2=`head -n $id peakcall.tsv|tail -n1|awk -F "	" '{print $2}'`
COL3=`head -n $id peakcall.tsv|tail -n1|awk -F "	" '{print $3}'`
COL4=`head -n $id peakcall.tsv|tail -n1|awk -F "	" '{print $4}'`
COL5=`head -n $id peakcall.tsv|tail -n1|awk -F "	" '{print $5}'`
COL6=`head -n $id peakcall.tsv|tail -n1|awk -F "	" '{print $6}'`
LINE=`head -n $id peakcall.tsv|tail -n1`

module load conda3
source activate /home/yli11/.conda/envs/r_env
samtools view -b ${COL1}.markdup.bam chr1 > ${COL1}.chr1.ef57cd916021.bam;samtools index ${COL1}.chr1.ef57cd916021.bam
run_ATACseqQC.R ${COL1}.chr1.ef57cd916021.bam hg19
rm ${COL1}.chr1.ef57cd916021.bam*
module load macs2/2.1.1
macs2 callpeak -t ${COL1}.bam -c ${COL2}.bam -f BAMPE -B --keep-dup all -n ${COL3}
macs2 bdgcmp -t ${COL3}_treat_pileup.bdg -c ${COL3}_control_lambda.bdg -m qpois -o ${COL3}_treat_pvalue.bdg
macs2 bdgcmp -t ${COL3}_treat_pileup.bdg -c ${COL3}_control_lambda.bdg -m FE -o ${COL3}_FE.bdg
macs2 bdgcmp -t ${COL3}_treat_pileup.bdg -c ${COL3}_control_lambda.bdg -m logLR -o ${COL3}_logLR.bdg -p 0.01
macs2 bdgpeakcall -i ${COL3}_treat_pvalue.bdg -c 1.301 -l 100 -g 75 -o ${COL3}_bdgpeaks.bed
bedtools intersect -a ${COL3}_peaks.narrowPeak -b /research/dept/hem/common/sequencing/chenggrp/pipelines/subcmd/../hg19/hg19.blacklist.bed -v > ${COL3}_peaks.rmblck.narrowPeak
bedtools intersect -a ${COL3}_bdgpeaks.bed -b /research/dept/hem/common/sequencing/chenggrp/pipelines/subcmd/../hg19/hg19.blacklist.bed -v > ${COL3}_bdgpeaks.rmblck.bed
annot_gene_features.py -f ${COL3}_peaks.rmblck.narrowPeak -o ${COL3}_peaks.rmblck.narrowPeak.annot.tsv -g hg19
pie_plot.py -f ${COL3}_peaks.rmblck.narrowPeak.annot.tsv --order Exon,Promoter,5UTR,3UTR,Intron,Intergenic --use_col -1 --header -o ${COL3}_peaks.rmblck.narrowPeak.genomic_features.pie_chart
module load python/2.7.13;/home/yli11/HemTools/bin/calculate_FRiP.py ${COL1}.bam ${COL3}_peaks.rmblck.narrowPeak CHIP
/research/dept/hem/common/sequencing/chenggrp/pipelines/subcmd/../bin/wigToBigWig ${COL3}_treat_pvalue.bdg /research/dept/hem/common/sequencing/chenggrp/pipelines/subcmd/../hg19/hg19.chrom.sizes ${COL3}_treat_pvalue.bw
/research/dept/hem/common/sequencing/chenggrp/pipelines/subcmd/../bin/wigToBigWig ${COL3}_FE.bdg /research/dept/hem/common/sequencing/chenggrp/pipelines/subcmd/../hg19/hg19.chrom.sizes ${COL3}_FE.bw
/research/dept/hem/common/sequencing/chenggrp/pipelines/subcmd/../bin/wigToBigWig ${COL3}_logLR.bdg /research/dept/hem/common/sequencing/chenggrp/pipelines/subcmd/../hg19/hg19.chrom.sizes ${COL3}_logLR.bw
module load conda3
source activate /home/yli11/.conda/envs/r_env
samtools view -b ${COL1}.rmdup.uq.rmchrM.markdup.bam chr1 > ${COL1}.rmdup.uq.rmchrM.chr1.ef57cd916021.bam;samtools index ${COL1}.rmdup.uq.rmchrM.chr1.ef57cd916021.bam
run_ATACseqQC.R ${COL1}.rmdup.uq.rmchrM.chr1.ef57cd916021.bam hg19

(... more ...)
------------------------------------------------------------

Successfully completed.

Resource usage summary:

    CPU time :                                   5045.80 sec.
    Max Memory :                                 20312 MB
    Average Memory :                             1686.17 MB
    Total Requested Memory :                     80000.00 MB
    Delta Memory :                               59688.00 MB
    Max Swap :                                   -
    Max Processes :                              7
    Max Threads :                                68
    Run time :                                   5384 sec.
    Turnaround time :                            13495 sec.

The output (if any) is above this job summary.



PS:

Read file <cut_run_rfeng_2022-10-06.macs2.message_170665607_6.err> for stderr output of this job.

